2022-08-25 14:44:55.366 [main] [INFO ] com.test.springboot.SpringbootApplication - Starting SpringbootApplication using Java 1.8.0_291 on gaofengkai with PID 1752 (D:\BackEnd\workspace\springboot\target\classes started by gaofengkai in D:\BackEnd\workspace\springboot)
2022-08-25 14:44:55.372 [main] [INFO ] com.test.springboot.SpringbootApplication - The following profiles are active: prod
2022-08-25 14:44:56.819 [main] [INFO ] o.s.d.r.config.RepositoryConfigurationDelegate - Multiple Spring Data modules found, entering strict repository configuration mode!
2022-08-25 14:44:56.821 [main] [INFO ] o.s.d.r.config.RepositoryConfigurationDelegate - Bootstrapping Spring Data Redis repositories in DEFAULT mode.
2022-08-25 14:44:56.845 [main] [INFO ] o.s.d.r.config.RepositoryConfigurationDelegate - Finished Spring Data repository scanning in 12 ms. Found 0 Redis repository interfaces.
2022-08-25 14:44:57.440 [main] [INFO ] o.s.boot.web.embedded.tomcat.TomcatWebServer - Tomcat initialized with port(s): 8081 (http)
2022-08-25 14:44:57.446 [main] [INFO ] org.apache.coyote.http11.Http11NioProtocol - Initializing ProtocolHandler ["http-nio-8081"]
2022-08-25 14:44:57.446 [main] [INFO ] org.apache.catalina.core.StandardService - Starting service [Tomcat]
2022-08-25 14:44:57.447 [main] [INFO ] org.apache.catalina.core.StandardEngine - Starting Servlet engine: [Apache Tomcat/9.0.55]
2022-08-25 14:44:57.522 [main] [INFO ] o.a.c.core.ContainerBase.[Tomcat].[localhost].[/] - Initializing Spring embedded WebApplicationContext
2022-08-25 14:44:57.522 [main] [INFO ] o.s.b.w.s.c.ServletWebServerApplicationContext - Root WebApplicationContext: initialization completed in 2085 ms
2022-08-25 14:44:58.137 [main] [INFO ] com.alibaba.druid.pool.DruidDataSource - {dataSource-0} closing ...
2022-08-25 14:44:58.138 [main] [INFO ] com.alibaba.druid.pool.DruidDataSource - {dataSource-0} closing ...
2022-08-25 14:44:58.140 [main] [INFO ] org.apache.catalina.core.StandardService - Stopping service [Tomcat]
2022-08-25 14:45:53.066 [main] [INFO ] com.test.springboot.SpringbootApplication - Starting SpringbootApplication using Java 1.8.0_291 on gaofengkai with PID 30432 (D:\BackEnd\workspace\springboot\target\classes started by gaofengkai in D:\BackEnd\workspace\springboot)
2022-08-25 14:45:53.067 [main] [INFO ] com.test.springboot.SpringbootApplication - The following profiles are active: prod
2022-08-25 14:45:53.850 [main] [INFO ] o.s.d.r.config.RepositoryConfigurationDelegate - Multiple Spring Data modules found, entering strict repository configuration mode!
2022-08-25 14:45:53.852 [main] [INFO ] o.s.d.r.config.RepositoryConfigurationDelegate - Bootstrapping Spring Data Redis repositories in DEFAULT mode.
2022-08-25 14:45:53.872 [main] [INFO ] o.s.d.r.config.RepositoryConfigurationDelegate - Finished Spring Data repository scanning in 12 ms. Found 0 Redis repository interfaces.
2022-08-25 14:45:54.425 [main] [INFO ] o.s.boot.web.embedded.tomcat.TomcatWebServer - Tomcat initialized with port(s): 8081 (http)
2022-08-25 14:45:54.430 [main] [INFO ] org.apache.coyote.http11.Http11NioProtocol - Initializing ProtocolHandler ["http-nio-8081"]
2022-08-25 14:45:54.431 [main] [INFO ] org.apache.catalina.core.StandardService - Starting service [Tomcat]
2022-08-25 14:45:54.431 [main] [INFO ] org.apache.catalina.core.StandardEngine - Starting Servlet engine: [Apache Tomcat/9.0.55]
2022-08-25 14:45:54.496 [main] [INFO ] o.a.c.core.ContainerBase.[Tomcat].[localhost].[/] - Initializing Spring embedded WebApplicationContext
2022-08-25 14:45:54.497 [main] [INFO ] o.s.b.w.s.c.ServletWebServerApplicationContext - Root WebApplicationContext: initialization completed in 1401 ms
2022-08-25 14:45:55.048 [main] [INFO ] com.alibaba.druid.pool.DruidDataSource - {dataSource-0} closing ...
2022-08-25 14:45:55.048 [main] [INFO ] com.alibaba.druid.pool.DruidDataSource - {dataSource-0} closing ...
2022-08-25 14:45:55.050 [main] [INFO ] org.apache.catalina.core.StandardService - Stopping service [Tomcat]
2022-08-25 14:46:07.438 [main] [INFO ] com.test.springboot.SpringbootApplication - Starting SpringbootApplication using Java 1.8.0_291 on gaofengkai with PID 17080 (D:\BackEnd\workspace\springboot\target\classes started by gaofengkai in D:\BackEnd\workspace\springboot)
2022-08-25 14:46:07.441 [main] [INFO ] com.test.springboot.SpringbootApplication - The following profiles are active: prod
2022-08-25 14:46:08.230 [main] [INFO ] o.s.d.r.config.RepositoryConfigurationDelegate - Multiple Spring Data modules found, entering strict repository configuration mode!
2022-08-25 14:46:08.231 [main] [INFO ] o.s.d.r.config.RepositoryConfigurationDelegate - Bootstrapping Spring Data Redis repositories in DEFAULT mode.
2022-08-25 14:46:08.252 [main] [INFO ] o.s.d.r.config.RepositoryConfigurationDelegate - Finished Spring Data repository scanning in 12 ms. Found 0 Redis repository interfaces.
2022-08-25 14:46:08.816 [main] [INFO ] o.s.boot.web.embedded.tomcat.TomcatWebServer - Tomcat initialized with port(s): 8081 (http)
2022-08-25 14:46:08.822 [main] [INFO ] org.apache.coyote.http11.Http11NioProtocol - Initializing ProtocolHandler ["http-nio-8081"]
2022-08-25 14:46:08.823 [main] [INFO ] org.apache.catalina.core.StandardService - Starting service [Tomcat]
2022-08-25 14:46:08.823 [main] [INFO ] org.apache.catalina.core.StandardEngine - Starting Servlet engine: [Apache Tomcat/9.0.55]
2022-08-25 14:46:08.895 [main] [INFO ] o.a.c.core.ContainerBase.[Tomcat].[localhost].[/] - Initializing Spring embedded WebApplicationContext
2022-08-25 14:46:08.895 [main] [INFO ] o.s.b.w.s.c.ServletWebServerApplicationContext - Root WebApplicationContext: initialization completed in 1423 ms
2022-08-25 14:46:10.165 [main] [INFO ] o.s.b.actuate.endpoint.web.EndpointLinksResolver - Exposing 16 endpoint(s) beneath base path '/monitor'
2022-08-25 14:46:10.260 [main] [INFO ] s.d.s.w.PropertySourcedRequestMappingHandlerMapping - Mapped URL path [/v2/api-docs] onto method [springfox.documentation.swagger2.web.Swagger2Controller#getDocumentation(String, HttpServletRequest)]
2022-08-25 14:46:10.805 [main] [INFO ] org.apache.kafka.clients.consumer.ConsumerConfig - ConsumerConfig values: 
	allow.auto.create.topics = true
	auto.commit.interval.ms = 5000
	auto.offset.reset = latest
	bootstrap.servers = [110.40.220.207:9092]
	check.crcs = true
	client.dns.lookup = use_all_dns_ips
	client.id = consumer-test-consumer-1
	client.rack = 
	connections.max.idle.ms = 540000
	default.api.timeout.ms = 60000
	enable.auto.commit = false
	exclude.internal.topics = true
	fetch.max.bytes = 52428800
	fetch.max.wait.ms = 500
	fetch.min.bytes = 1
	group.id = test-consumer
	group.instance.id = null
	heartbeat.interval.ms = 3000
	interceptor.classes = []
	internal.leave.group.on.close = true
	internal.throw.on.fetch.stable.offset.unsupported = false
	isolation.level = read_uncommitted
	key.deserializer = class org.apache.kafka.common.serialization.StringDeserializer
	max.partition.fetch.bytes = 1048576
	max.poll.interval.ms = 300000
	max.poll.records = 500
	metadata.max.age.ms = 300000
	metric.reporters = []
	metrics.num.samples = 2
	metrics.recording.level = INFO
	metrics.sample.window.ms = 30000
	partition.assignment.strategy = [class org.apache.kafka.clients.consumer.RangeAssignor]
	receive.buffer.bytes = 65536
	reconnect.backoff.max.ms = 1000
	reconnect.backoff.ms = 50
	request.timeout.ms = 30000
	retry.backoff.ms = 100
	sasl.client.callback.handler.class = null
	sasl.jaas.config = null
	sasl.kerberos.kinit.cmd = /usr/bin/kinit
	sasl.kerberos.min.time.before.relogin = 60000
	sasl.kerberos.service.name = null
	sasl.kerberos.ticket.renew.jitter = 0.05
	sasl.kerberos.ticket.renew.window.factor = 0.8
	sasl.login.callback.handler.class = null
	sasl.login.class = null
	sasl.login.refresh.buffer.seconds = 300
	sasl.login.refresh.min.period.seconds = 60
	sasl.login.refresh.window.factor = 0.8
	sasl.login.refresh.window.jitter = 0.05
	sasl.mechanism = GSSAPI
	security.protocol = PLAINTEXT
	security.providers = null
	send.buffer.bytes = 131072
	session.timeout.ms = 10000
	socket.connection.setup.timeout.max.ms = 127000
	socket.connection.setup.timeout.ms = 10000
	ssl.cipher.suites = null
	ssl.enabled.protocols = [TLSv1.2]
	ssl.endpoint.identification.algorithm = https
	ssl.engine.factory.class = null
	ssl.key.password = null
	ssl.keymanager.algorithm = SunX509
	ssl.keystore.certificate.chain = null
	ssl.keystore.key = null
	ssl.keystore.location = null
	ssl.keystore.password = null
	ssl.keystore.type = JKS
	ssl.protocol = TLSv1.2
	ssl.provider = null
	ssl.secure.random.implementation = null
	ssl.trustmanager.algorithm = PKIX
	ssl.truststore.certificates = null
	ssl.truststore.location = null
	ssl.truststore.password = null
	ssl.truststore.type = JKS
	value.deserializer = class org.apache.kafka.common.serialization.StringDeserializer

2022-08-25 14:46:10.859 [main] [INFO ] org.apache.kafka.common.utils.AppInfoParser - Kafka version: 2.7.2
2022-08-25 14:46:10.860 [main] [INFO ] org.apache.kafka.common.utils.AppInfoParser - Kafka commitId: 37a1cc36bf4d76f3
2022-08-25 14:46:10.860 [main] [INFO ] org.apache.kafka.common.utils.AppInfoParser - Kafka startTimeMs: 1661409970858
2022-08-25 14:46:10.862 [main] [INFO ] org.apache.kafka.clients.consumer.KafkaConsumer - [Consumer clientId=consumer-test-consumer-1, groupId=test-consumer] Subscribed to topic(s): test
2022-08-25 14:46:10.868 [main] [INFO ] org.apache.coyote.http11.Http11NioProtocol - Starting ProtocolHandler ["http-nio-8081"]
2022-08-25 14:46:10.876 [main] [INFO ] o.s.boot.web.embedded.tomcat.TomcatWebServer - Tomcat started on port(s): 8081 (http) with context path ''
2022-08-25 14:46:10.877 [main] [INFO ] s.d.s.web.plugins.DocumentationPluginsBootstrapper - Context refreshed
2022-08-25 14:46:10.890 [main] [INFO ] s.d.s.web.plugins.DocumentationPluginsBootstrapper - Found 6 custom documentation plugin(s)
2022-08-25 14:46:10.926 [main] [INFO ] s.d.spring.web.scanners.ApiListingReferenceScanner - Scanning for api listing references
2022-08-25 14:46:11.179 [main] [INFO ] s.d.s.w.r.operation.CachingOperationNameGenerator - Generating unique operation named: testUsingGET_1
2022-08-25 14:46:11.181 [main] [INFO ] s.d.s.w.r.operation.CachingOperationNameGenerator - Generating unique operation named: test2UsingGET_1
2022-08-25 14:46:11.191 [main] [INFO ] s.d.spring.web.scanners.ApiListingReferenceScanner - Scanning for api listing references
2022-08-25 14:46:11.192 [main] [INFO ] s.d.s.w.r.operation.CachingOperationNameGenerator - Generating unique operation named: testAopUsingGET_1
2022-08-25 14:46:11.195 [main] [INFO ] s.d.spring.web.scanners.ApiListingReferenceScanner - Scanning for api listing references
2022-08-25 14:46:11.197 [main] [INFO ] s.d.s.w.r.operation.CachingOperationNameGenerator - Generating unique operation named: getCityUsingPOST_1
2022-08-25 14:46:11.199 [main] [INFO ] s.d.s.w.r.operation.CachingOperationNameGenerator - Generating unique operation named: getFirstStudentUsingPOST_1
2022-08-25 14:46:11.202 [main] [INFO ] s.d.spring.web.scanners.ApiListingReferenceScanner - Scanning for api listing references
2022-08-25 14:46:11.204 [main] [INFO ] s.d.s.w.r.operation.CachingOperationNameGenerator - Generating unique operation named: getJsonUsingPOST_1
2022-08-25 14:46:11.205 [main] [INFO ] s.d.s.w.r.operation.CachingOperationNameGenerator - Generating unique operation named: getJsonViewUsingGET_1
2022-08-25 14:46:11.206 [main] [INFO ] s.d.s.w.r.operation.CachingOperationNameGenerator - Generating unique operation named: getJsonViewUsingHEAD_1
2022-08-25 14:46:11.206 [main] [INFO ] s.d.s.w.r.operation.CachingOperationNameGenerator - Generating unique operation named: getJsonViewUsingPOST_1
2022-08-25 14:46:11.206 [main] [INFO ] s.d.s.w.r.operation.CachingOperationNameGenerator - Generating unique operation named: getJsonViewUsingPUT_1
2022-08-25 14:46:11.207 [main] [INFO ] s.d.s.w.r.operation.CachingOperationNameGenerator - Generating unique operation named: getJsonViewUsingPATCH_1
2022-08-25 14:46:11.207 [main] [INFO ] s.d.s.w.r.operation.CachingOperationNameGenerator - Generating unique operation named: getJsonViewUsingDELETE_1
2022-08-25 14:46:11.207 [main] [INFO ] s.d.s.w.r.operation.CachingOperationNameGenerator - Generating unique operation named: getJsonViewUsingOPTIONS_1
2022-08-25 14:46:11.208 [main] [INFO ] s.d.s.w.r.operation.CachingOperationNameGenerator - Generating unique operation named: getJsonViewUsingTRACE_1
2022-08-25 14:46:11.209 [main] [INFO ] s.d.s.w.r.operation.CachingOperationNameGenerator - Generating unique operation named: readJsonAsObjectUsingGET_1
2022-08-25 14:46:11.209 [main] [INFO ] s.d.s.w.r.operation.CachingOperationNameGenerator - Generating unique operation named: readJsonAsObjectUsingHEAD_1
2022-08-25 14:46:11.210 [main] [INFO ] s.d.s.w.r.operation.CachingOperationNameGenerator - Generating unique operation named: readJsonAsObjectUsingPOST_1
2022-08-25 14:46:11.210 [main] [INFO ] s.d.s.w.r.operation.CachingOperationNameGenerator - Generating unique operation named: readJsonAsObjectUsingPUT_1
2022-08-25 14:46:11.210 [main] [INFO ] s.d.s.w.r.operation.CachingOperationNameGenerator - Generating unique operation named: readJsonAsObjectUsingPATCH_1
2022-08-25 14:46:11.211 [main] [INFO ] s.d.s.w.r.operation.CachingOperationNameGenerator - Generating unique operation named: readJsonAsObjectUsingDELETE_1
2022-08-25 14:46:11.211 [main] [INFO ] s.d.s.w.r.operation.CachingOperationNameGenerator - Generating unique operation named: readJsonAsObjectUsingOPTIONS_1
2022-08-25 14:46:11.211 [main] [INFO ] s.d.s.w.r.operation.CachingOperationNameGenerator - Generating unique operation named: readJsonAsObjectUsingTRACE_1
2022-08-25 14:46:11.212 [main] [INFO ] s.d.s.w.r.operation.CachingOperationNameGenerator - Generating unique operation named: readJsonStringUsingGET_1
2022-08-25 14:46:11.212 [main] [INFO ] s.d.s.w.r.operation.CachingOperationNameGenerator - Generating unique operation named: readJsonStringUsingHEAD_1
2022-08-25 14:46:11.212 [main] [INFO ] s.d.s.w.r.operation.CachingOperationNameGenerator - Generating unique operation named: readJsonStringUsingPOST_1
2022-08-25 14:46:11.213 [main] [INFO ] s.d.s.w.r.operation.CachingOperationNameGenerator - Generating unique operation named: readJsonStringUsingPUT_1
2022-08-25 14:46:11.213 [main] [INFO ] s.d.s.w.r.operation.CachingOperationNameGenerator - Generating unique operation named: readJsonStringUsingPATCH_1
2022-08-25 14:46:11.214 [main] [INFO ] s.d.s.w.r.operation.CachingOperationNameGenerator - Generating unique operation named: readJsonStringUsingDELETE_1
2022-08-25 14:46:11.214 [main] [INFO ] s.d.s.w.r.operation.CachingOperationNameGenerator - Generating unique operation named: readJsonStringUsingOPTIONS_1
2022-08-25 14:46:11.214 [main] [INFO ] s.d.s.w.r.operation.CachingOperationNameGenerator - Generating unique operation named: readJsonStringUsingTRACE_1
2022-08-25 14:46:11.215 [main] [INFO ] s.d.s.w.r.operation.CachingOperationNameGenerator - Generating unique operation named: serializationUsingPOST_1
2022-08-25 14:46:11.217 [main] [INFO ] s.d.s.w.r.operation.CachingOperationNameGenerator - Generating unique operation named: updateJsonUsingGET_1
2022-08-25 14:46:11.217 [main] [INFO ] s.d.s.w.r.operation.CachingOperationNameGenerator - Generating unique operation named: updateJsonUsingHEAD_1
2022-08-25 14:46:11.218 [main] [INFO ] s.d.s.w.r.operation.CachingOperationNameGenerator - Generating unique operation named: updateJsonUsingPOST_1
2022-08-25 14:46:11.218 [main] [INFO ] s.d.s.w.r.operation.CachingOperationNameGenerator - Generating unique operation named: updateJsonUsingPUT_1
2022-08-25 14:46:11.219 [main] [INFO ] s.d.s.w.r.operation.CachingOperationNameGenerator - Generating unique operation named: updateJsonUsingPATCH_1
2022-08-25 14:46:11.219 [main] [INFO ] s.d.s.w.r.operation.CachingOperationNameGenerator - Generating unique operation named: updateJsonUsingDELETE_1
2022-08-25 14:46:11.220 [main] [INFO ] s.d.s.w.r.operation.CachingOperationNameGenerator - Generating unique operation named: updateJsonUsingOPTIONS_1
2022-08-25 14:46:11.220 [main] [INFO ] s.d.s.w.r.operation.CachingOperationNameGenerator - Generating unique operation named: updateJsonUsingTRACE_1
2022-08-25 14:46:11.223 [main] [INFO ] s.d.spring.web.scanners.ApiListingReferenceScanner - Scanning for api listing references
2022-08-25 14:46:11.226 [main] [INFO ] s.d.s.w.r.operation.CachingOperationNameGenerator - Generating unique operation named: addRedisUsingPOST_1
2022-08-25 14:46:11.226 [main] [INFO ] s.d.s.w.r.operation.CachingOperationNameGenerator - Generating unique operation named: deleteRedisUsingPOST_1
2022-08-25 14:46:11.227 [main] [INFO ] s.d.s.w.r.operation.CachingOperationNameGenerator - Generating unique operation named: getRedisUsingPOST_1
2022-08-25 14:46:11.228 [main] [INFO ] s.d.s.w.r.operation.CachingOperationNameGenerator - Generating unique operation named: updateRedisUsingPOST_1
2022-08-25 14:46:11.231 [main] [INFO ] s.d.spring.web.scanners.ApiListingReferenceScanner - Scanning for api listing references
2022-08-25 14:46:11.232 [main] [INFO ] s.d.s.w.r.operation.CachingOperationNameGenerator - Generating unique operation named: addJdbcStudentUsingPOST_1
2022-08-25 14:46:11.233 [main] [INFO ] s.d.s.w.r.operation.CachingOperationNameGenerator - Generating unique operation named: queryStudentByIdUsingGET_1
2022-08-25 14:46:11.234 [main] [INFO ] s.d.s.w.r.operation.CachingOperationNameGenerator - Generating unique operation named: queryStudentById2UsingPOST_1
2022-08-25 14:46:11.235 [main] [INFO ] s.d.s.w.r.operation.CachingOperationNameGenerator - Generating unique operation named: queryStudentById3UsingPOST_1
2022-08-25 14:46:11.255 [main] [INFO ] com.test.springboot.SpringbootApplication - Started SpringbootApplication in 4.163 seconds (JVM running for 4.769)
2022-08-25 14:46:11.303 [org.springframework.kafka.KafkaListenerEndpointContainer#0-0-C-1] [INFO ] org.apache.kafka.clients.Metadata - [Consumer clientId=consumer-test-consumer-1, groupId=test-consumer] Cluster ID: N_qWYp0DR-CyFe0Vu-kqrw
2022-08-25 14:46:11.305 [org.springframework.kafka.KafkaListenerEndpointContainer#0-0-C-1] [INFO ] o.a.k.c.consumer.internals.AbstractCoordinator - [Consumer clientId=consumer-test-consumer-1, groupId=test-consumer] Discovered group coordinator 110.40.220.207:9092 (id: 2147483646 rack: null)
2022-08-25 14:46:11.307 [org.springframework.kafka.KafkaListenerEndpointContainer#0-0-C-1] [INFO ] o.a.k.c.consumer.internals.AbstractCoordinator - [Consumer clientId=consumer-test-consumer-1, groupId=test-consumer] (Re-)joining group
2022-08-25 14:46:11.365 [org.springframework.kafka.KafkaListenerEndpointContainer#0-0-C-1] [INFO ] o.a.k.c.consumer.internals.AbstractCoordinator - [Consumer clientId=consumer-test-consumer-1, groupId=test-consumer] (Re-)joining group
2022-08-25 14:46:11.385 [org.springframework.kafka.KafkaListenerEndpointContainer#0-0-C-1] [INFO ] o.a.k.c.consumer.internals.AbstractCoordinator - [Consumer clientId=consumer-test-consumer-1, groupId=test-consumer] Successfully joined group with generation Generation{generationId=1, memberId='consumer-test-consumer-1-c1f0e884-5e3d-4ad6-8750-ac1e3c53e99f', protocol='range'}
2022-08-25 14:46:11.387 [org.springframework.kafka.KafkaListenerEndpointContainer#0-0-C-1] [INFO ] o.a.k.c.consumer.internals.ConsumerCoordinator - [Consumer clientId=consumer-test-consumer-1, groupId=test-consumer] Finished assignment for group at generation 1: {consumer-test-consumer-1-c1f0e884-5e3d-4ad6-8750-ac1e3c53e99f=Assignment(partitions=[test-0])}
2022-08-25 14:46:11.409 [org.springframework.kafka.KafkaListenerEndpointContainer#0-0-C-1] [INFO ] o.a.k.c.consumer.internals.AbstractCoordinator - [Consumer clientId=consumer-test-consumer-1, groupId=test-consumer] Successfully synced group in generation Generation{generationId=1, memberId='consumer-test-consumer-1-c1f0e884-5e3d-4ad6-8750-ac1e3c53e99f', protocol='range'}
2022-08-25 14:46:11.410 [org.springframework.kafka.KafkaListenerEndpointContainer#0-0-C-1] [INFO ] o.a.k.c.consumer.internals.ConsumerCoordinator - [Consumer clientId=consumer-test-consumer-1, groupId=test-consumer] Notifying assignor about the new Assignment(partitions=[test-0])
2022-08-25 14:46:11.411 [org.springframework.kafka.KafkaListenerEndpointContainer#0-0-C-1] [INFO ] o.a.k.c.consumer.internals.ConsumerCoordinator - [Consumer clientId=consumer-test-consumer-1, groupId=test-consumer] Adding newly assigned partitions: test-0
2022-08-25 14:46:11.434 [org.springframework.kafka.KafkaListenerEndpointContainer#0-0-C-1] [INFO ] o.a.k.c.consumer.internals.ConsumerCoordinator - [Consumer clientId=consumer-test-consumer-1, groupId=test-consumer] Found no committed offset for partition test-0
2022-08-25 14:46:11.455 [org.springframework.kafka.KafkaListenerEndpointContainer#0-0-C-1] [INFO ] o.a.k.c.consumer.internals.ConsumerCoordinator - [Consumer clientId=consumer-test-consumer-1, groupId=test-consumer] Found no committed offset for partition test-0
2022-08-25 14:46:11.518 [org.springframework.kafka.KafkaListenerEndpointContainer#0-0-C-1] [INFO ] o.a.k.clients.consumer.internals.SubscriptionState - [Consumer clientId=consumer-test-consumer-1, groupId=test-consumer] Resetting offset for partition test-0 to position FetchPosition{offset=23, offsetEpoch=Optional.empty, currentLeader=LeaderAndEpoch{leader=Optional[110.40.220.207:9092 (id: 1 rack: null)], epoch=0}}.
2022-08-25 14:46:11.565 [org.springframework.kafka.KafkaListenerEndpointContainer#0-0-C-1] [INFO ] o.s.kafka.listener.KafkaMessageListenerContainer - test-consumer: partitions assigned: [test-0]
2022-08-25 14:46:11.614 [RMI TCP Connection(3)-192.168.9.100] [INFO ] o.a.c.core.ContainerBase.[Tomcat].[localhost].[/] - Initializing Spring DispatcherServlet 'dispatcherServlet'
2022-08-25 14:46:11.614 [RMI TCP Connection(3)-192.168.9.100] [INFO ] org.springframework.web.servlet.DispatcherServlet - Initializing Servlet 'dispatcherServlet'
2022-08-25 14:46:11.616 [RMI TCP Connection(3)-192.168.9.100] [INFO ] org.springframework.web.servlet.DispatcherServlet - Completed initialization in 2 ms
2022-08-25 14:46:11.635 [RMI TCP Connection(2)-192.168.9.100] [INFO ] com.alibaba.druid.pool.DruidDataSource - {dataSource-1,mybatis} inited
2022-08-25 14:46:11.950 [RMI TCP Connection(2)-192.168.9.100] [INFO ] com.alibaba.druid.pool.DruidDataSource - {dataSource-2,springbootdb} inited
2022-08-25 14:46:19.757 [http-nio-8081-exec-2] [INFO ] org.apache.kafka.clients.producer.ProducerConfig - ProducerConfig values: 
	acks = 1
	batch.size = 16384
	bootstrap.servers = [110.40.220.207:9092]
	buffer.memory = 33554432
	client.dns.lookup = use_all_dns_ips
	client.id = producer-1
	compression.type = none
	connections.max.idle.ms = 540000
	delivery.timeout.ms = 120000
	enable.idempotence = false
	interceptor.classes = []
	internal.auto.downgrade.txn.commit = true
	key.serializer = class org.apache.kafka.common.serialization.StringSerializer
	linger.ms = 0
	max.block.ms = 60000
	max.in.flight.requests.per.connection = 5
	max.request.size = 1048576
	metadata.max.age.ms = 300000
	metadata.max.idle.ms = 300000
	metric.reporters = []
	metrics.num.samples = 2
	metrics.recording.level = INFO
	metrics.sample.window.ms = 30000
	partitioner.class = class org.apache.kafka.clients.producer.internals.DefaultPartitioner
	receive.buffer.bytes = 32768
	reconnect.backoff.max.ms = 1000
	reconnect.backoff.ms = 50
	request.timeout.ms = 30000
	retries = 2147483647
	retry.backoff.ms = 100
	sasl.client.callback.handler.class = null
	sasl.jaas.config = null
	sasl.kerberos.kinit.cmd = /usr/bin/kinit
	sasl.kerberos.min.time.before.relogin = 60000
	sasl.kerberos.service.name = null
	sasl.kerberos.ticket.renew.jitter = 0.05
	sasl.kerberos.ticket.renew.window.factor = 0.8
	sasl.login.callback.handler.class = null
	sasl.login.class = null
	sasl.login.refresh.buffer.seconds = 300
	sasl.login.refresh.min.period.seconds = 60
	sasl.login.refresh.window.factor = 0.8
	sasl.login.refresh.window.jitter = 0.05
	sasl.mechanism = GSSAPI
	security.protocol = PLAINTEXT
	security.providers = null
	send.buffer.bytes = 131072
	socket.connection.setup.timeout.max.ms = 127000
	socket.connection.setup.timeout.ms = 10000
	ssl.cipher.suites = null
	ssl.enabled.protocols = [TLSv1.2]
	ssl.endpoint.identification.algorithm = https
	ssl.engine.factory.class = null
	ssl.key.password = null
	ssl.keymanager.algorithm = SunX509
	ssl.keystore.certificate.chain = null
	ssl.keystore.key = null
	ssl.keystore.location = null
	ssl.keystore.password = null
	ssl.keystore.type = JKS
	ssl.protocol = TLSv1.2
	ssl.provider = null
	ssl.secure.random.implementation = null
	ssl.trustmanager.algorithm = PKIX
	ssl.truststore.certificates = null
	ssl.truststore.location = null
	ssl.truststore.password = null
	ssl.truststore.type = JKS
	transaction.timeout.ms = 60000
	transactional.id = null
	value.serializer = class org.apache.kafka.common.serialization.StringSerializer

2022-08-25 14:46:19.770 [http-nio-8081-exec-2] [INFO ] org.apache.kafka.common.utils.AppInfoParser - Kafka version: 2.7.2
2022-08-25 14:46:19.771 [http-nio-8081-exec-2] [INFO ] org.apache.kafka.common.utils.AppInfoParser - Kafka commitId: 37a1cc36bf4d76f3
2022-08-25 14:46:19.771 [http-nio-8081-exec-2] [INFO ] org.apache.kafka.common.utils.AppInfoParser - Kafka startTimeMs: 1661409979770
2022-08-25 14:46:19.828 [kafka-producer-network-thread | producer-1] [INFO ] org.apache.kafka.clients.Metadata - [Producer clientId=producer-1] Cluster ID: N_qWYp0DR-CyFe0Vu-kqrw
2022-08-25 14:46:19.916 [org.springframework.kafka.KafkaListenerEndpointContainer#0-0-C-1] [INFO ] com.test.springboot.kafka.KafkaMessageListener - 接收消息: 习惯4564564
2022-08-25 14:46:23.904 [kafka-producer-network-thread | producer-1] [INFO ] c.test.springboot.controller.kafka.KafkaController - 成功发送消息：习惯4564564，offset=[23]
2022-08-25 14:46:49.138 [main] [INFO ] com.test.springboot.SpringbootApplication - Starting SpringbootApplication using Java 1.8.0_291 on gaofengkai with PID 18844 (D:\BackEnd\workspace\springboot\target\classes started by gaofengkai in D:\BackEnd\workspace\springboot)
2022-08-25 14:46:49.140 [main] [INFO ] com.test.springboot.SpringbootApplication - The following profiles are active: prod
2022-08-25 14:46:49.930 [main] [INFO ] o.s.d.r.config.RepositoryConfigurationDelegate - Multiple Spring Data modules found, entering strict repository configuration mode!
2022-08-25 14:46:49.932 [main] [INFO ] o.s.d.r.config.RepositoryConfigurationDelegate - Bootstrapping Spring Data Redis repositories in DEFAULT mode.
2022-08-25 14:46:49.952 [main] [INFO ] o.s.d.r.config.RepositoryConfigurationDelegate - Finished Spring Data repository scanning in 11 ms. Found 0 Redis repository interfaces.
2022-08-25 14:46:50.502 [main] [INFO ] o.s.boot.web.embedded.tomcat.TomcatWebServer - Tomcat initialized with port(s): 8081 (http)
2022-08-25 14:46:50.508 [main] [INFO ] org.apache.coyote.http11.Http11NioProtocol - Initializing ProtocolHandler ["http-nio-8081"]
2022-08-25 14:46:50.508 [main] [INFO ] org.apache.catalina.core.StandardService - Starting service [Tomcat]
2022-08-25 14:46:50.509 [main] [INFO ] org.apache.catalina.core.StandardEngine - Starting Servlet engine: [Apache Tomcat/9.0.55]
2022-08-25 14:46:50.575 [main] [INFO ] o.a.c.core.ContainerBase.[Tomcat].[localhost].[/] - Initializing Spring embedded WebApplicationContext
2022-08-25 14:46:50.575 [main] [INFO ] o.s.b.w.s.c.ServletWebServerApplicationContext - Root WebApplicationContext: initialization completed in 1401 ms
2022-08-25 14:46:51.927 [main] [INFO ] o.s.b.actuate.endpoint.web.EndpointLinksResolver - Exposing 16 endpoint(s) beneath base path '/monitor'
2022-08-25 14:46:52.008 [main] [INFO ] s.d.s.w.PropertySourcedRequestMappingHandlerMapping - Mapped URL path [/v2/api-docs] onto method [springfox.documentation.swagger2.web.Swagger2Controller#getDocumentation(String, HttpServletRequest)]
2022-08-25 14:46:52.556 [main] [INFO ] org.apache.kafka.clients.consumer.ConsumerConfig - ConsumerConfig values: 
	allow.auto.create.topics = true
	auto.commit.interval.ms = 5000
	auto.offset.reset = latest
	bootstrap.servers = [110.40.220.207:9092]
	check.crcs = true
	client.dns.lookup = use_all_dns_ips
	client.id = consumer-test-consumer-1
	client.rack = 
	connections.max.idle.ms = 540000
	default.api.timeout.ms = 60000
	enable.auto.commit = false
	exclude.internal.topics = true
	fetch.max.bytes = 52428800
	fetch.max.wait.ms = 500
	fetch.min.bytes = 1
	group.id = test-consumer
	group.instance.id = null
	heartbeat.interval.ms = 3000
	interceptor.classes = []
	internal.leave.group.on.close = true
	internal.throw.on.fetch.stable.offset.unsupported = false
	isolation.level = read_uncommitted
	key.deserializer = class org.apache.kafka.common.serialization.StringDeserializer
	max.partition.fetch.bytes = 1048576
	max.poll.interval.ms = 300000
	max.poll.records = 500
	metadata.max.age.ms = 300000
	metric.reporters = []
	metrics.num.samples = 2
	metrics.recording.level = INFO
	metrics.sample.window.ms = 30000
	partition.assignment.strategy = [class org.apache.kafka.clients.consumer.RangeAssignor]
	receive.buffer.bytes = 65536
	reconnect.backoff.max.ms = 1000
	reconnect.backoff.ms = 50
	request.timeout.ms = 30000
	retry.backoff.ms = 100
	sasl.client.callback.handler.class = null
	sasl.jaas.config = null
	sasl.kerberos.kinit.cmd = /usr/bin/kinit
	sasl.kerberos.min.time.before.relogin = 60000
	sasl.kerberos.service.name = null
	sasl.kerberos.ticket.renew.jitter = 0.05
	sasl.kerberos.ticket.renew.window.factor = 0.8
	sasl.login.callback.handler.class = null
	sasl.login.class = null
	sasl.login.refresh.buffer.seconds = 300
	sasl.login.refresh.min.period.seconds = 60
	sasl.login.refresh.window.factor = 0.8
	sasl.login.refresh.window.jitter = 0.05
	sasl.mechanism = GSSAPI
	security.protocol = PLAINTEXT
	security.providers = null
	send.buffer.bytes = 131072
	session.timeout.ms = 10000
	socket.connection.setup.timeout.max.ms = 127000
	socket.connection.setup.timeout.ms = 10000
	ssl.cipher.suites = null
	ssl.enabled.protocols = [TLSv1.2]
	ssl.endpoint.identification.algorithm = https
	ssl.engine.factory.class = null
	ssl.key.password = null
	ssl.keymanager.algorithm = SunX509
	ssl.keystore.certificate.chain = null
	ssl.keystore.key = null
	ssl.keystore.location = null
	ssl.keystore.password = null
	ssl.keystore.type = JKS
	ssl.protocol = TLSv1.2
	ssl.provider = null
	ssl.secure.random.implementation = null
	ssl.trustmanager.algorithm = PKIX
	ssl.truststore.certificates = null
	ssl.truststore.location = null
	ssl.truststore.password = null
	ssl.truststore.type = JKS
	value.deserializer = class org.apache.kafka.common.serialization.StringDeserializer

2022-08-25 14:46:52.602 [main] [INFO ] org.apache.kafka.common.utils.AppInfoParser - Kafka version: 2.7.2
2022-08-25 14:46:52.603 [main] [INFO ] org.apache.kafka.common.utils.AppInfoParser - Kafka commitId: 37a1cc36bf4d76f3
2022-08-25 14:46:52.603 [main] [INFO ] org.apache.kafka.common.utils.AppInfoParser - Kafka startTimeMs: 1661410012601
2022-08-25 14:46:52.605 [main] [INFO ] org.apache.kafka.clients.consumer.KafkaConsumer - [Consumer clientId=consumer-test-consumer-1, groupId=test-consumer] Subscribed to topic(s): test
2022-08-25 14:46:52.609 [main] [INFO ] org.apache.coyote.http11.Http11NioProtocol - Starting ProtocolHandler ["http-nio-8081"]
2022-08-25 14:46:52.615 [main] [INFO ] o.s.boot.web.embedded.tomcat.TomcatWebServer - Tomcat started on port(s): 8081 (http) with context path ''
2022-08-25 14:46:52.616 [main] [INFO ] s.d.s.web.plugins.DocumentationPluginsBootstrapper - Context refreshed
2022-08-25 14:46:52.629 [main] [INFO ] s.d.s.web.plugins.DocumentationPluginsBootstrapper - Found 6 custom documentation plugin(s)
2022-08-25 14:46:52.662 [main] [INFO ] s.d.spring.web.scanners.ApiListingReferenceScanner - Scanning for api listing references
2022-08-25 14:46:52.899 [main] [INFO ] s.d.s.w.r.operation.CachingOperationNameGenerator - Generating unique operation named: testUsingGET_1
2022-08-25 14:46:52.901 [main] [INFO ] s.d.s.w.r.operation.CachingOperationNameGenerator - Generating unique operation named: test2UsingGET_1
2022-08-25 14:46:52.912 [main] [INFO ] s.d.spring.web.scanners.ApiListingReferenceScanner - Scanning for api listing references
2022-08-25 14:46:52.913 [main] [INFO ] s.d.s.w.r.operation.CachingOperationNameGenerator - Generating unique operation named: testAopUsingGET_1
2022-08-25 14:46:52.916 [main] [INFO ] s.d.spring.web.scanners.ApiListingReferenceScanner - Scanning for api listing references
2022-08-25 14:46:52.918 [main] [INFO ] s.d.s.w.r.operation.CachingOperationNameGenerator - Generating unique operation named: getCityUsingPOST_1
2022-08-25 14:46:52.920 [main] [INFO ] s.d.s.w.r.operation.CachingOperationNameGenerator - Generating unique operation named: getFirstStudentUsingPOST_1
2022-08-25 14:46:52.923 [main] [INFO ] s.d.spring.web.scanners.ApiListingReferenceScanner - Scanning for api listing references
2022-08-25 14:46:52.925 [main] [INFO ] s.d.s.w.r.operation.CachingOperationNameGenerator - Generating unique operation named: getJsonUsingPOST_1
2022-08-25 14:46:52.927 [main] [INFO ] s.d.s.w.r.operation.CachingOperationNameGenerator - Generating unique operation named: getJsonViewUsingGET_1
2022-08-25 14:46:52.927 [main] [INFO ] s.d.s.w.r.operation.CachingOperationNameGenerator - Generating unique operation named: getJsonViewUsingHEAD_1
2022-08-25 14:46:52.928 [main] [INFO ] s.d.s.w.r.operation.CachingOperationNameGenerator - Generating unique operation named: getJsonViewUsingPOST_1
2022-08-25 14:46:52.928 [main] [INFO ] s.d.s.w.r.operation.CachingOperationNameGenerator - Generating unique operation named: getJsonViewUsingPUT_1
2022-08-25 14:46:52.929 [main] [INFO ] s.d.s.w.r.operation.CachingOperationNameGenerator - Generating unique operation named: getJsonViewUsingPATCH_1
2022-08-25 14:46:52.929 [main] [INFO ] s.d.s.w.r.operation.CachingOperationNameGenerator - Generating unique operation named: getJsonViewUsingDELETE_1
2022-08-25 14:46:52.929 [main] [INFO ] s.d.s.w.r.operation.CachingOperationNameGenerator - Generating unique operation named: getJsonViewUsingOPTIONS_1
2022-08-25 14:46:52.930 [main] [INFO ] s.d.s.w.r.operation.CachingOperationNameGenerator - Generating unique operation named: getJsonViewUsingTRACE_1
2022-08-25 14:46:52.931 [main] [INFO ] s.d.s.w.r.operation.CachingOperationNameGenerator - Generating unique operation named: readJsonAsObjectUsingGET_1
2022-08-25 14:46:52.931 [main] [INFO ] s.d.s.w.r.operation.CachingOperationNameGenerator - Generating unique operation named: readJsonAsObjectUsingHEAD_1
2022-08-25 14:46:52.932 [main] [INFO ] s.d.s.w.r.operation.CachingOperationNameGenerator - Generating unique operation named: readJsonAsObjectUsingPOST_1
2022-08-25 14:46:52.932 [main] [INFO ] s.d.s.w.r.operation.CachingOperationNameGenerator - Generating unique operation named: readJsonAsObjectUsingPUT_1
2022-08-25 14:46:52.932 [main] [INFO ] s.d.s.w.r.operation.CachingOperationNameGenerator - Generating unique operation named: readJsonAsObjectUsingPATCH_1
2022-08-25 14:46:52.933 [main] [INFO ] s.d.s.w.r.operation.CachingOperationNameGenerator - Generating unique operation named: readJsonAsObjectUsingDELETE_1
2022-08-25 14:46:52.933 [main] [INFO ] s.d.s.w.r.operation.CachingOperationNameGenerator - Generating unique operation named: readJsonAsObjectUsingOPTIONS_1
2022-08-25 14:46:52.933 [main] [INFO ] s.d.s.w.r.operation.CachingOperationNameGenerator - Generating unique operation named: readJsonAsObjectUsingTRACE_1
2022-08-25 14:46:52.933 [main] [INFO ] s.d.s.w.r.operation.CachingOperationNameGenerator - Generating unique operation named: readJsonStringUsingGET_1
2022-08-25 14:46:52.933 [main] [INFO ] s.d.s.w.r.operation.CachingOperationNameGenerator - Generating unique operation named: readJsonStringUsingHEAD_1
2022-08-25 14:46:52.934 [main] [INFO ] s.d.s.w.r.operation.CachingOperationNameGenerator - Generating unique operation named: readJsonStringUsingPOST_1
2022-08-25 14:46:52.934 [main] [INFO ] s.d.s.w.r.operation.CachingOperationNameGenerator - Generating unique operation named: readJsonStringUsingPUT_1
2022-08-25 14:46:52.934 [main] [INFO ] s.d.s.w.r.operation.CachingOperationNameGenerator - Generating unique operation named: readJsonStringUsingPATCH_1
2022-08-25 14:46:52.935 [main] [INFO ] s.d.s.w.r.operation.CachingOperationNameGenerator - Generating unique operation named: readJsonStringUsingDELETE_1
2022-08-25 14:46:52.935 [main] [INFO ] s.d.s.w.r.operation.CachingOperationNameGenerator - Generating unique operation named: readJsonStringUsingOPTIONS_1
2022-08-25 14:46:52.935 [main] [INFO ] s.d.s.w.r.operation.CachingOperationNameGenerator - Generating unique operation named: readJsonStringUsingTRACE_1
2022-08-25 14:46:52.936 [main] [INFO ] s.d.s.w.r.operation.CachingOperationNameGenerator - Generating unique operation named: serializationUsingPOST_1
2022-08-25 14:46:52.938 [main] [INFO ] s.d.s.w.r.operation.CachingOperationNameGenerator - Generating unique operation named: updateJsonUsingGET_1
2022-08-25 14:46:52.939 [main] [INFO ] s.d.s.w.r.operation.CachingOperationNameGenerator - Generating unique operation named: updateJsonUsingHEAD_1
2022-08-25 14:46:52.939 [main] [INFO ] s.d.s.w.r.operation.CachingOperationNameGenerator - Generating unique operation named: updateJsonUsingPOST_1
2022-08-25 14:46:52.940 [main] [INFO ] s.d.s.w.r.operation.CachingOperationNameGenerator - Generating unique operation named: updateJsonUsingPUT_1
2022-08-25 14:46:52.940 [main] [INFO ] s.d.s.w.r.operation.CachingOperationNameGenerator - Generating unique operation named: updateJsonUsingPATCH_1
2022-08-25 14:46:52.941 [main] [INFO ] s.d.s.w.r.operation.CachingOperationNameGenerator - Generating unique operation named: updateJsonUsingDELETE_1
2022-08-25 14:46:52.941 [main] [INFO ] s.d.s.w.r.operation.CachingOperationNameGenerator - Generating unique operation named: updateJsonUsingOPTIONS_1
2022-08-25 14:46:52.942 [main] [INFO ] s.d.s.w.r.operation.CachingOperationNameGenerator - Generating unique operation named: updateJsonUsingTRACE_1
2022-08-25 14:46:52.945 [main] [INFO ] s.d.spring.web.scanners.ApiListingReferenceScanner - Scanning for api listing references
2022-08-25 14:46:52.947 [main] [INFO ] s.d.s.w.r.operation.CachingOperationNameGenerator - Generating unique operation named: addRedisUsingPOST_1
2022-08-25 14:46:52.948 [main] [INFO ] s.d.s.w.r.operation.CachingOperationNameGenerator - Generating unique operation named: deleteRedisUsingPOST_1
2022-08-25 14:46:52.948 [main] [INFO ] s.d.s.w.r.operation.CachingOperationNameGenerator - Generating unique operation named: getRedisUsingPOST_1
2022-08-25 14:46:52.949 [main] [INFO ] s.d.s.w.r.operation.CachingOperationNameGenerator - Generating unique operation named: updateRedisUsingPOST_1
2022-08-25 14:46:52.952 [main] [INFO ] s.d.spring.web.scanners.ApiListingReferenceScanner - Scanning for api listing references
2022-08-25 14:46:52.953 [main] [INFO ] s.d.s.w.r.operation.CachingOperationNameGenerator - Generating unique operation named: addJdbcStudentUsingPOST_1
2022-08-25 14:46:52.954 [main] [INFO ] s.d.s.w.r.operation.CachingOperationNameGenerator - Generating unique operation named: queryStudentByIdUsingGET_1
2022-08-25 14:46:52.955 [main] [INFO ] s.d.s.w.r.operation.CachingOperationNameGenerator - Generating unique operation named: queryStudentById2UsingPOST_1
2022-08-25 14:46:52.955 [main] [INFO ] s.d.s.w.r.operation.CachingOperationNameGenerator - Generating unique operation named: queryStudentById3UsingPOST_1
2022-08-25 14:46:52.966 [org.springframework.kafka.KafkaListenerEndpointContainer#0-0-C-1] [INFO ] org.apache.kafka.clients.Metadata - [Consumer clientId=consumer-test-consumer-1, groupId=test-consumer] Cluster ID: N_qWYp0DR-CyFe0Vu-kqrw
2022-08-25 14:46:52.968 [org.springframework.kafka.KafkaListenerEndpointContainer#0-0-C-1] [INFO ] o.a.k.c.consumer.internals.AbstractCoordinator - [Consumer clientId=consumer-test-consumer-1, groupId=test-consumer] Discovered group coordinator 110.40.220.207:9092 (id: 2147483646 rack: null)
2022-08-25 14:46:52.970 [org.springframework.kafka.KafkaListenerEndpointContainer#0-0-C-1] [INFO ] o.a.k.c.consumer.internals.AbstractCoordinator - [Consumer clientId=consumer-test-consumer-1, groupId=test-consumer] (Re-)joining group
2022-08-25 14:46:52.976 [main] [INFO ] com.test.springboot.SpringbootApplication - Started SpringbootApplication in 4.222 seconds (JVM running for 4.894)
2022-08-25 14:46:53.042 [org.springframework.kafka.KafkaListenerEndpointContainer#0-0-C-1] [INFO ] o.a.k.c.consumer.internals.AbstractCoordinator - [Consumer clientId=consumer-test-consumer-1, groupId=test-consumer] (Re-)joining group
2022-08-25 14:46:53.341 [RMI TCP Connection(3)-192.168.9.100] [INFO ] o.a.c.core.ContainerBase.[Tomcat].[localhost].[/] - Initializing Spring DispatcherServlet 'dispatcherServlet'
2022-08-25 14:46:53.341 [RMI TCP Connection(3)-192.168.9.100] [INFO ] org.springframework.web.servlet.DispatcherServlet - Initializing Servlet 'dispatcherServlet'
2022-08-25 14:46:53.343 [RMI TCP Connection(3)-192.168.9.100] [INFO ] org.springframework.web.servlet.DispatcherServlet - Completed initialization in 1 ms
2022-08-25 14:46:53.361 [RMI TCP Connection(2)-192.168.9.100] [INFO ] com.alibaba.druid.pool.DruidDataSource - {dataSource-1,mybatis} inited
2022-08-25 14:46:53.677 [RMI TCP Connection(2)-192.168.9.100] [INFO ] com.alibaba.druid.pool.DruidDataSource - {dataSource-2,springbootdb} inited
2022-08-25 14:46:57.497 [org.springframework.kafka.KafkaListenerEndpointContainer#0-0-C-1] [INFO ] o.a.k.c.consumer.internals.AbstractCoordinator - [Consumer clientId=consumer-test-consumer-1, groupId=test-consumer] Successfully joined group with generation Generation{generationId=2, memberId='consumer-test-consumer-1-b15cd712-3d8a-466a-8e2c-05c6045c872b', protocol='range'}
2022-08-25 14:46:57.499 [org.springframework.kafka.KafkaListenerEndpointContainer#0-0-C-1] [INFO ] o.a.k.c.consumer.internals.ConsumerCoordinator - [Consumer clientId=consumer-test-consumer-1, groupId=test-consumer] Finished assignment for group at generation 2: {consumer-test-consumer-1-b15cd712-3d8a-466a-8e2c-05c6045c872b=Assignment(partitions=[test-0])}
2022-08-25 14:46:57.526 [org.springframework.kafka.KafkaListenerEndpointContainer#0-0-C-1] [INFO ] o.a.k.c.consumer.internals.AbstractCoordinator - [Consumer clientId=consumer-test-consumer-1, groupId=test-consumer] Successfully synced group in generation Generation{generationId=2, memberId='consumer-test-consumer-1-b15cd712-3d8a-466a-8e2c-05c6045c872b', protocol='range'}
2022-08-25 14:46:57.527 [org.springframework.kafka.KafkaListenerEndpointContainer#0-0-C-1] [INFO ] o.a.k.c.consumer.internals.ConsumerCoordinator - [Consumer clientId=consumer-test-consumer-1, groupId=test-consumer] Notifying assignor about the new Assignment(partitions=[test-0])
2022-08-25 14:46:57.529 [org.springframework.kafka.KafkaListenerEndpointContainer#0-0-C-1] [INFO ] o.a.k.c.consumer.internals.ConsumerCoordinator - [Consumer clientId=consumer-test-consumer-1, groupId=test-consumer] Adding newly assigned partitions: test-0
2022-08-25 14:46:57.581 [org.springframework.kafka.KafkaListenerEndpointContainer#0-0-C-1] [INFO ] o.a.k.c.consumer.internals.ConsumerCoordinator - [Consumer clientId=consumer-test-consumer-1, groupId=test-consumer] Setting offset for partition test-0 to the committed offset FetchPosition{offset=24, offsetEpoch=Optional.empty, currentLeader=LeaderAndEpoch{leader=Optional[110.40.220.207:9092 (id: 1 rack: null)], epoch=0}}
2022-08-25 14:46:57.582 [org.springframework.kafka.KafkaListenerEndpointContainer#0-0-C-1] [INFO ] o.s.kafka.listener.KafkaMessageListenerContainer - test-consumer: partitions assigned: [test-0]
2022-08-25 14:47:10.127 [http-nio-8081-exec-2] [INFO ] org.apache.kafka.clients.producer.ProducerConfig - ProducerConfig values: 
	acks = 1
	batch.size = 16384
	bootstrap.servers = [110.40.220.207:9092]
	buffer.memory = 33554432
	client.dns.lookup = use_all_dns_ips
	client.id = producer-1
	compression.type = none
	connections.max.idle.ms = 540000
	delivery.timeout.ms = 120000
	enable.idempotence = false
	interceptor.classes = []
	internal.auto.downgrade.txn.commit = true
	key.serializer = class org.apache.kafka.common.serialization.StringSerializer
	linger.ms = 0
	max.block.ms = 60000
	max.in.flight.requests.per.connection = 5
	max.request.size = 1048576
	metadata.max.age.ms = 300000
	metadata.max.idle.ms = 300000
	metric.reporters = []
	metrics.num.samples = 2
	metrics.recording.level = INFO
	metrics.sample.window.ms = 30000
	partitioner.class = class org.apache.kafka.clients.producer.internals.DefaultPartitioner
	receive.buffer.bytes = 32768
	reconnect.backoff.max.ms = 1000
	reconnect.backoff.ms = 50
	request.timeout.ms = 30000
	retries = 2147483647
	retry.backoff.ms = 100
	sasl.client.callback.handler.class = null
	sasl.jaas.config = null
	sasl.kerberos.kinit.cmd = /usr/bin/kinit
	sasl.kerberos.min.time.before.relogin = 60000
	sasl.kerberos.service.name = null
	sasl.kerberos.ticket.renew.jitter = 0.05
	sasl.kerberos.ticket.renew.window.factor = 0.8
	sasl.login.callback.handler.class = null
	sasl.login.class = null
	sasl.login.refresh.buffer.seconds = 300
	sasl.login.refresh.min.period.seconds = 60
	sasl.login.refresh.window.factor = 0.8
	sasl.login.refresh.window.jitter = 0.05
	sasl.mechanism = GSSAPI
	security.protocol = PLAINTEXT
	security.providers = null
	send.buffer.bytes = 131072
	socket.connection.setup.timeout.max.ms = 127000
	socket.connection.setup.timeout.ms = 10000
	ssl.cipher.suites = null
	ssl.enabled.protocols = [TLSv1.2]
	ssl.endpoint.identification.algorithm = https
	ssl.engine.factory.class = null
	ssl.key.password = null
	ssl.keymanager.algorithm = SunX509
	ssl.keystore.certificate.chain = null
	ssl.keystore.key = null
	ssl.keystore.location = null
	ssl.keystore.password = null
	ssl.keystore.type = JKS
	ssl.protocol = TLSv1.2
	ssl.provider = null
	ssl.secure.random.implementation = null
	ssl.trustmanager.algorithm = PKIX
	ssl.truststore.certificates = null
	ssl.truststore.location = null
	ssl.truststore.password = null
	ssl.truststore.type = JKS
	transaction.timeout.ms = 60000
	transactional.id = null
	value.serializer = class org.apache.kafka.common.serialization.StringSerializer

2022-08-25 14:47:10.139 [http-nio-8081-exec-2] [INFO ] org.apache.kafka.common.utils.AppInfoParser - Kafka version: 2.7.2
2022-08-25 14:47:10.139 [http-nio-8081-exec-2] [INFO ] org.apache.kafka.common.utils.AppInfoParser - Kafka commitId: 37a1cc36bf4d76f3
2022-08-25 14:47:10.139 [http-nio-8081-exec-2] [INFO ] org.apache.kafka.common.utils.AppInfoParser - Kafka startTimeMs: 1661410030139
2022-08-25 14:47:10.194 [kafka-producer-network-thread | producer-1] [INFO ] org.apache.kafka.clients.Metadata - [Producer clientId=producer-1] Cluster ID: N_qWYp0DR-CyFe0Vu-kqrw
2022-08-25 14:47:10.276 [org.springframework.kafka.KafkaListenerEndpointContainer#0-0-C-1] [INFO ] com.test.springboot.kafka.KafkaMessageListener - 接收到消息啦！！！！！: 接受到消息了吗？
2022-08-25 14:47:14.277 [kafka-producer-network-thread | producer-1] [INFO ] c.test.springboot.controller.kafka.KafkaController - 成功发送消息：接受到消息了吗？，offset=[24]
