2022-08-17 11:23:59.732 [main] [INFO ] com.test.springboot.EnableAnnotationTestBootstrap - Starting EnableAnnotationTestBootstrap using Java 1.8.0_291 on gaofengkai with PID 16568 (D:\BackEnd\workspace\springboot\target\classes started by gaofengkai in D:\BackEnd\workspace\springboot)
2022-08-17 11:23:59.746 [main] [INFO ] com.test.springboot.EnableAnnotationTestBootstrap - The following profiles are active: prod
2022-08-17 11:23:59.746 [main] [DEBUG] org.springframework.boot.SpringApplication - Loading source class com.test.springboot.EnableAnnotationTestBootstrap
2022-08-17 11:23:59.981 [main] [INFO ] com.test.springboot.EnableAnnotationTestBootstrap - Started EnableAnnotationTestBootstrap in 0.861 seconds (JVM running for 2.208)
2022-08-17 11:24:52.828 [main] [INFO ] com.test.springboot.EnableAnnotationTestBootstrap - Starting EnableAnnotationTestBootstrap using Java 1.8.0_291 on gaofengkai with PID 2280 (D:\BackEnd\workspace\springboot\target\classes started by gaofengkai in D:\BackEnd\workspace\springboot)
2022-08-17 11:24:52.832 [main] [INFO ] com.test.springboot.EnableAnnotationTestBootstrap - The following profiles are active: prod
2022-08-17 11:24:52.832 [main] [DEBUG] org.springframework.boot.SpringApplication - Loading source class com.test.springboot.EnableAnnotationTestBootstrap
2022-08-17 11:24:53.111 [main] [ERROR] org.springframework.boot.SpringApplication - Application run failed
java.lang.NoClassDefFoundError: Could not initialize class org.springframework.beans.factory.BeanDefinitionStoreException
	at org.springframework.context.annotation.ConfigurationClassParser.parse(ConfigurationClassParser.java:188)
	at org.springframework.context.annotation.ConfigurationClassPostProcessor.processConfigBeanDefinitions(ConfigurationClassPostProcessor.java:331)
	at org.springframework.context.annotation.ConfigurationClassPostProcessor.postProcessBeanDefinitionRegistry(ConfigurationClassPostProcessor.java:247)
	at org.springframework.context.support.PostProcessorRegistrationDelegate.invokeBeanDefinitionRegistryPostProcessors(PostProcessorRegistrationDelegate.java:311)
	at org.springframework.context.support.PostProcessorRegistrationDelegate.invokeBeanFactoryPostProcessors(PostProcessorRegistrationDelegate.java:112)
	at org.springframework.context.support.AbstractApplicationContext.invokeBeanFactoryPostProcessors(AbstractApplicationContext.java:746)
	at org.springframework.context.support.AbstractApplicationContext.refresh(AbstractApplicationContext.java:564)
	at org.springframework.boot.SpringApplication.refresh(SpringApplication.java:765)
	at org.springframework.boot.SpringApplication.refreshContext(SpringApplication.java:445)
	at org.springframework.boot.SpringApplication.run(SpringApplication.java:338)
	at org.springframework.boot.builder.SpringApplicationBuilder.run(SpringApplicationBuilder.java:143)
	at com.test.springboot.EnableAnnotationTestBootstrap.main(EnableAnnotationTestBootstrap.java:17)
2022-08-17 11:26:28.117 [main] [INFO ] com.test.springboot.EnableAnnotationTestBootstrap - Starting EnableAnnotationTestBootstrap using Java 1.8.0_291 on gaofengkai with PID 21108 (D:\BackEnd\workspace\springboot\target\classes started by gaofengkai in D:\BackEnd\workspace\springboot)
2022-08-17 11:26:28.120 [main] [INFO ] com.test.springboot.EnableAnnotationTestBootstrap - The following profiles are active: prod
2022-08-17 11:26:28.120 [main] [DEBUG] org.springframework.boot.SpringApplication - Loading source class com.test.springboot.EnableAnnotationTestBootstrap
2022-08-17 11:26:28.319 [main] [INFO ] com.test.springboot.EnableAnnotationTestBootstrap - Started EnableAnnotationTestBootstrap in 0.702 seconds (JVM running for 1.317)
