2022-08-12 15:39:54.215 [main] [INFO ] com.test.springboot.SpringbootApplication - Starting SpringbootApplication using Java 1.8.0_291 on gaofengkai with PID 26208 (D:\BackEnd\workspace\springboot\target\classes started by gaofengkai in D:\BackEnd\workspace\springboot)
2022-08-12 15:39:54.215 [main] [INFO ] com.test.springboot.SpringbootApplication - The following profiles are active: prod
2022-08-12 15:39:55.050 [main] [INFO ] o.s.d.r.config.RepositoryConfigurationDelegate - Multiple Spring Data modules found, entering strict repository configuration mode!
2022-08-12 15:39:55.050 [main] [INFO ] o.s.d.r.config.RepositoryConfigurationDelegate - Bootstrapping Spring Data Redis repositories in DEFAULT mode.
2022-08-12 15:39:55.066 [main] [INFO ] o.s.d.r.config.RepositoryConfigurationDelegate - Finished Spring Data repository scanning in 8 ms. Found 0 Redis repository interfaces.
2022-08-12 15:39:55.659 [main] [INFO ] o.s.boot.web.embedded.tomcat.TomcatWebServer - Tomcat initialized with port(s): 8081 (http)
2022-08-12 15:39:55.675 [main] [INFO ] org.apache.coyote.http11.Http11NioProtocol - Initializing ProtocolHandler ["http-nio-8081"]
2022-08-12 15:39:55.675 [main] [INFO ] org.apache.catalina.core.StandardService - Starting service [Tomcat]
2022-08-12 15:39:55.675 [main] [INFO ] org.apache.catalina.core.StandardEngine - Starting Servlet engine: [Apache Tomcat/9.0.55]
2022-08-12 15:39:55.752 [main] [INFO ] o.a.c.core.ContainerBase.[Tomcat].[localhost].[/] - Initializing Spring embedded WebApplicationContext
2022-08-12 15:39:55.753 [main] [INFO ] o.s.b.w.s.c.ServletWebServerApplicationContext - Root WebApplicationContext: initialization completed in 1503 ms
2022-08-12 15:39:56.921 [main] [INFO ] o.s.b.actuate.endpoint.web.EndpointLinksResolver - Exposing 16 endpoint(s) beneath base path '/monitor'
2022-08-12 15:39:57.004 [main] [INFO ] s.d.s.w.PropertySourcedRequestMappingHandlerMapping - Mapped URL path [/v2/api-docs] onto method [springfox.documentation.swagger2.web.Swagger2Controller#getDocumentation(String, HttpServletRequest)]
2022-08-12 15:39:57.512 [main] [INFO ] org.apache.coyote.http11.Http11NioProtocol - Starting ProtocolHandler ["http-nio-8081"]
2022-08-12 15:39:57.527 [main] [INFO ] o.s.boot.web.embedded.tomcat.TomcatWebServer - Tomcat started on port(s): 8081 (http) with context path ''
2022-08-12 15:39:57.527 [main] [INFO ] s.d.s.web.plugins.DocumentationPluginsBootstrapper - Context refreshed
2022-08-12 15:39:57.541 [main] [INFO ] s.d.s.web.plugins.DocumentationPluginsBootstrapper - Found 6 custom documentation plugin(s)
2022-08-12 15:39:57.563 [main] [INFO ] s.d.spring.web.scanners.ApiListingReferenceScanner - Scanning for api listing references
2022-08-12 15:39:57.690 [main] [INFO ] s.d.spring.web.scanners.ApiListingReferenceScanner - Scanning for api listing references
2022-08-12 15:39:57.691 [main] [INFO ] s.d.s.w.r.operation.CachingOperationNameGenerator - Generating unique operation named: testAopUsingGET_1
2022-08-12 15:39:57.695 [main] [INFO ] s.d.spring.web.scanners.ApiListingReferenceScanner - Scanning for api listing references
2022-08-12 15:39:57.696 [main] [INFO ] s.d.s.w.r.operation.CachingOperationNameGenerator - Generating unique operation named: getCityUsingPOST_1
2022-08-12 15:39:57.698 [main] [INFO ] s.d.s.w.r.operation.CachingOperationNameGenerator - Generating unique operation named: getFirstStudentUsingPOST_1
2022-08-12 15:39:57.698 [main] [INFO ] s.d.spring.web.scanners.ApiListingReferenceScanner - Scanning for api listing references
2022-08-12 15:39:57.698 [main] [INFO ] s.d.s.w.r.operation.CachingOperationNameGenerator - Generating unique operation named: getJsonUsingPOST_1
2022-08-12 15:39:57.698 [main] [INFO ] s.d.s.w.r.operation.CachingOperationNameGenerator - Generating unique operation named: getJsonViewUsingGET_1
2022-08-12 15:39:57.698 [main] [INFO ] s.d.s.w.r.operation.CachingOperationNameGenerator - Generating unique operation named: getJsonViewUsingHEAD_1
2022-08-12 15:39:57.698 [main] [INFO ] s.d.s.w.r.operation.CachingOperationNameGenerator - Generating unique operation named: getJsonViewUsingPOST_1
2022-08-12 15:39:57.698 [main] [INFO ] s.d.s.w.r.operation.CachingOperationNameGenerator - Generating unique operation named: getJsonViewUsingPUT_1
2022-08-12 15:39:57.698 [main] [INFO ] s.d.s.w.r.operation.CachingOperationNameGenerator - Generating unique operation named: getJsonViewUsingPATCH_1
2022-08-12 15:39:57.698 [main] [INFO ] s.d.s.w.r.operation.CachingOperationNameGenerator - Generating unique operation named: getJsonViewUsingDELETE_1
2022-08-12 15:39:57.698 [main] [INFO ] s.d.s.w.r.operation.CachingOperationNameGenerator - Generating unique operation named: getJsonViewUsingOPTIONS_1
2022-08-12 15:39:57.698 [main] [INFO ] s.d.s.w.r.operation.CachingOperationNameGenerator - Generating unique operation named: getJsonViewUsingTRACE_1
2022-08-12 15:39:57.698 [main] [INFO ] s.d.s.w.r.operation.CachingOperationNameGenerator - Generating unique operation named: readJsonAsObjectUsingGET_1
2022-08-12 15:39:57.698 [main] [INFO ] s.d.s.w.r.operation.CachingOperationNameGenerator - Generating unique operation named: readJsonAsObjectUsingHEAD_1
2022-08-12 15:39:57.698 [main] [INFO ] s.d.s.w.r.operation.CachingOperationNameGenerator - Generating unique operation named: readJsonAsObjectUsingPOST_1
2022-08-12 15:39:57.698 [main] [INFO ] s.d.s.w.r.operation.CachingOperationNameGenerator - Generating unique operation named: readJsonAsObjectUsingPUT_1
2022-08-12 15:39:57.698 [main] [INFO ] s.d.s.w.r.operation.CachingOperationNameGenerator - Generating unique operation named: readJsonAsObjectUsingPATCH_1
2022-08-12 15:39:57.698 [main] [INFO ] s.d.s.w.r.operation.CachingOperationNameGenerator - Generating unique operation named: readJsonAsObjectUsingDELETE_1
2022-08-12 15:39:57.698 [main] [INFO ] s.d.s.w.r.operation.CachingOperationNameGenerator - Generating unique operation named: readJsonAsObjectUsingOPTIONS_1
2022-08-12 15:39:57.698 [main] [INFO ] s.d.s.w.r.operation.CachingOperationNameGenerator - Generating unique operation named: readJsonAsObjectUsingTRACE_1
2022-08-12 15:39:57.698 [main] [INFO ] s.d.s.w.r.operation.CachingOperationNameGenerator - Generating unique operation named: readJsonStringUsingGET_1
2022-08-12 15:39:57.698 [main] [INFO ] s.d.s.w.r.operation.CachingOperationNameGenerator - Generating unique operation named: readJsonStringUsingHEAD_1
2022-08-12 15:39:57.698 [main] [INFO ] s.d.s.w.r.operation.CachingOperationNameGenerator - Generating unique operation named: readJsonStringUsingPOST_1
2022-08-12 15:39:57.698 [main] [INFO ] s.d.s.w.r.operation.CachingOperationNameGenerator - Generating unique operation named: readJsonStringUsingPUT_1
2022-08-12 15:39:57.698 [main] [INFO ] s.d.s.w.r.operation.CachingOperationNameGenerator - Generating unique operation named: readJsonStringUsingPATCH_1
2022-08-12 15:39:57.698 [main] [INFO ] s.d.s.w.r.operation.CachingOperationNameGenerator - Generating unique operation named: readJsonStringUsingDELETE_1
2022-08-12 15:39:57.698 [main] [INFO ] s.d.s.w.r.operation.CachingOperationNameGenerator - Generating unique operation named: readJsonStringUsingOPTIONS_1
2022-08-12 15:39:57.698 [main] [INFO ] s.d.s.w.r.operation.CachingOperationNameGenerator - Generating unique operation named: readJsonStringUsingTRACE_1
2022-08-12 15:39:57.698 [main] [INFO ] s.d.s.w.r.operation.CachingOperationNameGenerator - Generating unique operation named: serializationUsingPOST_1
2022-08-12 15:39:57.714 [main] [INFO ] s.d.s.w.r.operation.CachingOperationNameGenerator - Generating unique operation named: updateJsonUsingGET_1
2022-08-12 15:39:57.716 [main] [INFO ] s.d.s.w.r.operation.CachingOperationNameGenerator - Generating unique operation named: updateJsonUsingHEAD_1
2022-08-12 15:39:57.716 [main] [INFO ] s.d.s.w.r.operation.CachingOperationNameGenerator - Generating unique operation named: updateJsonUsingPOST_1
2022-08-12 15:39:57.717 [main] [INFO ] s.d.s.w.r.operation.CachingOperationNameGenerator - Generating unique operation named: updateJsonUsingPUT_1
2022-08-12 15:39:57.717 [main] [INFO ] s.d.s.w.r.operation.CachingOperationNameGenerator - Generating unique operation named: updateJsonUsingPATCH_1
2022-08-12 15:39:57.717 [main] [INFO ] s.d.s.w.r.operation.CachingOperationNameGenerator - Generating unique operation named: updateJsonUsingDELETE_1
2022-08-12 15:39:57.718 [main] [INFO ] s.d.s.w.r.operation.CachingOperationNameGenerator - Generating unique operation named: updateJsonUsingOPTIONS_1
2022-08-12 15:39:57.718 [main] [INFO ] s.d.s.w.r.operation.CachingOperationNameGenerator - Generating unique operation named: updateJsonUsingTRACE_1
2022-08-12 15:39:57.721 [main] [INFO ] s.d.spring.web.scanners.ApiListingReferenceScanner - Scanning for api listing references
2022-08-12 15:39:57.723 [main] [INFO ] s.d.s.w.r.operation.CachingOperationNameGenerator - Generating unique operation named: addRedisUsingPOST_1
2022-08-12 15:39:57.724 [main] [INFO ] s.d.s.w.r.operation.CachingOperationNameGenerator - Generating unique operation named: deleteRedisUsingPOST_1
2022-08-12 15:39:57.725 [main] [INFO ] s.d.s.w.r.operation.CachingOperationNameGenerator - Generating unique operation named: getRedisUsingPOST_1
2022-08-12 15:39:57.725 [main] [INFO ] s.d.s.w.r.operation.CachingOperationNameGenerator - Generating unique operation named: updateRedisUsingPOST_1
2022-08-12 15:39:57.728 [main] [INFO ] s.d.spring.web.scanners.ApiListingReferenceScanner - Scanning for api listing references
2022-08-12 15:39:57.729 [main] [INFO ] s.d.s.w.r.operation.CachingOperationNameGenerator - Generating unique operation named: addJdbcStudentUsingPOST_1
2022-08-12 15:39:57.730 [main] [INFO ] s.d.s.w.r.operation.CachingOperationNameGenerator - Generating unique operation named: queryStudentByIdUsingGET_1
2022-08-12 15:39:57.731 [main] [INFO ] s.d.s.w.r.operation.CachingOperationNameGenerator - Generating unique operation named: queryStudentById2UsingPOST_1
2022-08-12 15:39:57.731 [main] [INFO ] s.d.s.w.r.operation.CachingOperationNameGenerator - Generating unique operation named: queryStudentById3UsingPOST_1
2022-08-12 15:39:57.749 [main] [INFO ] com.test.springboot.SpringbootApplication - Started SpringbootApplication in 3.917 seconds (JVM running for 4.53)
2022-08-12 15:39:58.080 [RMI TCP Connection(1)-192.168.9.100] [INFO ] o.a.c.core.ContainerBase.[Tomcat].[localhost].[/] - Initializing Spring DispatcherServlet 'dispatcherServlet'
2022-08-12 15:39:58.080 [RMI TCP Connection(1)-192.168.9.100] [INFO ] org.springframework.web.servlet.DispatcherServlet - Initializing Servlet 'dispatcherServlet'
2022-08-12 15:39:58.080 [RMI TCP Connection(1)-192.168.9.100] [INFO ] org.springframework.web.servlet.DispatcherServlet - Completed initialization in 0 ms
2022-08-12 15:39:58.080 [RMI TCP Connection(2)-192.168.9.100] [INFO ] com.alibaba.druid.pool.DruidDataSource - {dataSource-1,mybatis} inited
2022-08-12 15:39:58.542 [RMI TCP Connection(2)-192.168.9.100] [INFO ] com.alibaba.druid.pool.DruidDataSource - {dataSource-2,springbootdb} inited
2022-08-12 15:46:03.343 [SpringApplicationShutdownHook] [INFO ] com.alibaba.druid.pool.DruidDataSource - {dataSource-2} closing ...
2022-08-12 15:46:03.345 [SpringApplicationShutdownHook] [INFO ] com.alibaba.druid.pool.DruidDataSource - {dataSource-2} closed
2022-08-12 15:46:03.345 [SpringApplicationShutdownHook] [INFO ] com.alibaba.druid.pool.DruidDataSource - {dataSource-1} closing ...
2022-08-12 15:46:03.345 [SpringApplicationShutdownHook] [INFO ] com.alibaba.druid.pool.DruidDataSource - {dataSource-1} closed
2022-08-12 15:46:06.090 [main] [INFO ] com.test.springboot.SpringbootApplication - Starting SpringbootApplication using Java 1.8.0_291 on gaofengkai with PID 22932 (D:\BackEnd\workspace\springboot\target\classes started by gaofengkai in D:\BackEnd\workspace\springboot)
2022-08-12 15:46:06.090 [main] [INFO ] com.test.springboot.SpringbootApplication - The following profiles are active: prod
2022-08-12 15:46:06.940 [main] [INFO ] o.s.d.r.config.RepositoryConfigurationDelegate - Multiple Spring Data modules found, entering strict repository configuration mode!
2022-08-12 15:46:06.940 [main] [INFO ] o.s.d.r.config.RepositoryConfigurationDelegate - Bootstrapping Spring Data Redis repositories in DEFAULT mode.
2022-08-12 15:46:06.955 [main] [INFO ] o.s.d.r.config.RepositoryConfigurationDelegate - Finished Spring Data repository scanning in 8 ms. Found 0 Redis repository interfaces.
2022-08-12 15:46:07.527 [main] [INFO ] o.s.boot.web.embedded.tomcat.TomcatWebServer - Tomcat initialized with port(s): 8081 (http)
2022-08-12 15:46:07.527 [main] [INFO ] org.apache.coyote.http11.Http11NioProtocol - Initializing ProtocolHandler ["http-nio-8081"]
2022-08-12 15:46:07.527 [main] [INFO ] org.apache.catalina.core.StandardService - Starting service [Tomcat]
2022-08-12 15:46:07.527 [main] [INFO ] org.apache.catalina.core.StandardEngine - Starting Servlet engine: [Apache Tomcat/9.0.55]
2022-08-12 15:46:07.614 [main] [INFO ] o.a.c.core.ContainerBase.[Tomcat].[localhost].[/] - Initializing Spring embedded WebApplicationContext
2022-08-12 15:46:07.614 [main] [INFO ] o.s.b.w.s.c.ServletWebServerApplicationContext - Root WebApplicationContext: initialization completed in 1489 ms
2022-08-12 15:46:08.881 [main] [INFO ] o.s.b.actuate.endpoint.web.EndpointLinksResolver - Exposing 16 endpoint(s) beneath base path '/monitor'
2022-08-12 15:46:08.959 [main] [INFO ] s.d.s.w.PropertySourcedRequestMappingHandlerMapping - Mapped URL path [/v2/api-docs] onto method [springfox.documentation.swagger2.web.Swagger2Controller#getDocumentation(String, HttpServletRequest)]
2022-08-12 15:46:09.477 [main] [INFO ] org.apache.coyote.http11.Http11NioProtocol - Starting ProtocolHandler ["http-nio-8081"]
2022-08-12 15:46:09.477 [main] [INFO ] o.s.boot.web.embedded.tomcat.TomcatWebServer - Tomcat started on port(s): 8081 (http) with context path ''
2022-08-12 15:46:09.477 [main] [INFO ] s.d.s.web.plugins.DocumentationPluginsBootstrapper - Context refreshed
2022-08-12 15:46:09.493 [main] [INFO ] s.d.s.web.plugins.DocumentationPluginsBootstrapper - Found 6 custom documentation plugin(s)
2022-08-12 15:46:09.528 [main] [INFO ] s.d.spring.web.scanners.ApiListingReferenceScanner - Scanning for api listing references
2022-08-12 15:46:09.663 [main] [INFO ] s.d.spring.web.scanners.ApiListingReferenceScanner - Scanning for api listing references
2022-08-12 15:46:09.665 [main] [INFO ] s.d.s.w.r.operation.CachingOperationNameGenerator - Generating unique operation named: testAopUsingGET_1
2022-08-12 15:46:09.668 [main] [INFO ] s.d.spring.web.scanners.ApiListingReferenceScanner - Scanning for api listing references
2022-08-12 15:46:09.668 [main] [INFO ] s.d.s.w.r.operation.CachingOperationNameGenerator - Generating unique operation named: getCityUsingPOST_1
2022-08-12 15:46:09.668 [main] [INFO ] s.d.s.w.r.operation.CachingOperationNameGenerator - Generating unique operation named: getFirstStudentUsingPOST_1
2022-08-12 15:46:09.668 [main] [INFO ] s.d.spring.web.scanners.ApiListingReferenceScanner - Scanning for api listing references
2022-08-12 15:46:09.668 [main] [INFO ] s.d.s.w.r.operation.CachingOperationNameGenerator - Generating unique operation named: getJsonUsingPOST_1
2022-08-12 15:46:09.668 [main] [INFO ] s.d.s.w.r.operation.CachingOperationNameGenerator - Generating unique operation named: getJsonViewUsingGET_1
2022-08-12 15:46:09.668 [main] [INFO ] s.d.s.w.r.operation.CachingOperationNameGenerator - Generating unique operation named: getJsonViewUsingHEAD_1
2022-08-12 15:46:09.668 [main] [INFO ] s.d.s.w.r.operation.CachingOperationNameGenerator - Generating unique operation named: getJsonViewUsingPOST_1
2022-08-12 15:46:09.668 [main] [INFO ] s.d.s.w.r.operation.CachingOperationNameGenerator - Generating unique operation named: getJsonViewUsingPUT_1
2022-08-12 15:46:09.668 [main] [INFO ] s.d.s.w.r.operation.CachingOperationNameGenerator - Generating unique operation named: getJsonViewUsingPATCH_1
2022-08-12 15:46:09.668 [main] [INFO ] s.d.s.w.r.operation.CachingOperationNameGenerator - Generating unique operation named: getJsonViewUsingDELETE_1
2022-08-12 15:46:09.668 [main] [INFO ] s.d.s.w.r.operation.CachingOperationNameGenerator - Generating unique operation named: getJsonViewUsingOPTIONS_1
2022-08-12 15:46:09.668 [main] [INFO ] s.d.s.w.r.operation.CachingOperationNameGenerator - Generating unique operation named: getJsonViewUsingTRACE_1
2022-08-12 15:46:09.668 [main] [INFO ] s.d.s.w.r.operation.CachingOperationNameGenerator - Generating unique operation named: readJsonAsObjectUsingGET_1
2022-08-12 15:46:09.668 [main] [INFO ] s.d.s.w.r.operation.CachingOperationNameGenerator - Generating unique operation named: readJsonAsObjectUsingHEAD_1
2022-08-12 15:46:09.668 [main] [INFO ] s.d.s.w.r.operation.CachingOperationNameGenerator - Generating unique operation named: readJsonAsObjectUsingPOST_1
2022-08-12 15:46:09.668 [main] [INFO ] s.d.s.w.r.operation.CachingOperationNameGenerator - Generating unique operation named: readJsonAsObjectUsingPUT_1
2022-08-12 15:46:09.668 [main] [INFO ] s.d.s.w.r.operation.CachingOperationNameGenerator - Generating unique operation named: readJsonAsObjectUsingPATCH_1
2022-08-12 15:46:09.684 [main] [INFO ] s.d.s.w.r.operation.CachingOperationNameGenerator - Generating unique operation named: readJsonAsObjectUsingDELETE_1
2022-08-12 15:46:09.684 [main] [INFO ] s.d.s.w.r.operation.CachingOperationNameGenerator - Generating unique operation named: readJsonAsObjectUsingOPTIONS_1
2022-08-12 15:46:09.684 [main] [INFO ] s.d.s.w.r.operation.CachingOperationNameGenerator - Generating unique operation named: readJsonAsObjectUsingTRACE_1
2022-08-12 15:46:09.684 [main] [INFO ] s.d.s.w.r.operation.CachingOperationNameGenerator - Generating unique operation named: readJsonStringUsingGET_1
2022-08-12 15:46:09.684 [main] [INFO ] s.d.s.w.r.operation.CachingOperationNameGenerator - Generating unique operation named: readJsonStringUsingHEAD_1
2022-08-12 15:46:09.684 [main] [INFO ] s.d.s.w.r.operation.CachingOperationNameGenerator - Generating unique operation named: readJsonStringUsingPOST_1
2022-08-12 15:46:09.684 [main] [INFO ] s.d.s.w.r.operation.CachingOperationNameGenerator - Generating unique operation named: readJsonStringUsingPUT_1
2022-08-12 15:46:09.684 [main] [INFO ] s.d.s.w.r.operation.CachingOperationNameGenerator - Generating unique operation named: readJsonStringUsingPATCH_1
2022-08-12 15:46:09.684 [main] [INFO ] s.d.s.w.r.operation.CachingOperationNameGenerator - Generating unique operation named: readJsonStringUsingDELETE_1
2022-08-12 15:46:09.684 [main] [INFO ] s.d.s.w.r.operation.CachingOperationNameGenerator - Generating unique operation named: readJsonStringUsingOPTIONS_1
2022-08-12 15:46:09.684 [main] [INFO ] s.d.s.w.r.operation.CachingOperationNameGenerator - Generating unique operation named: readJsonStringUsingTRACE_1
2022-08-12 15:46:09.684 [main] [INFO ] s.d.s.w.r.operation.CachingOperationNameGenerator - Generating unique operation named: serializationUsingPOST_1
2022-08-12 15:46:09.684 [main] [INFO ] s.d.s.w.r.operation.CachingOperationNameGenerator - Generating unique operation named: updateJsonUsingGET_1
2022-08-12 15:46:09.684 [main] [INFO ] s.d.s.w.r.operation.CachingOperationNameGenerator - Generating unique operation named: updateJsonUsingHEAD_1
2022-08-12 15:46:09.684 [main] [INFO ] s.d.s.w.r.operation.CachingOperationNameGenerator - Generating unique operation named: updateJsonUsingPOST_1
2022-08-12 15:46:09.684 [main] [INFO ] s.d.s.w.r.operation.CachingOperationNameGenerator - Generating unique operation named: updateJsonUsingPUT_1
2022-08-12 15:46:09.684 [main] [INFO ] s.d.s.w.r.operation.CachingOperationNameGenerator - Generating unique operation named: updateJsonUsingPATCH_1
2022-08-12 15:46:09.684 [main] [INFO ] s.d.s.w.r.operation.CachingOperationNameGenerator - Generating unique operation named: updateJsonUsingDELETE_1
2022-08-12 15:46:09.684 [main] [INFO ] s.d.s.w.r.operation.CachingOperationNameGenerator - Generating unique operation named: updateJsonUsingOPTIONS_1
2022-08-12 15:46:09.684 [main] [INFO ] s.d.s.w.r.operation.CachingOperationNameGenerator - Generating unique operation named: updateJsonUsingTRACE_1
2022-08-12 15:46:09.684 [main] [INFO ] s.d.spring.web.scanners.ApiListingReferenceScanner - Scanning for api listing references
2022-08-12 15:46:09.684 [main] [INFO ] s.d.s.w.r.operation.CachingOperationNameGenerator - Generating unique operation named: addRedisUsingPOST_1
2022-08-12 15:46:09.684 [main] [INFO ] s.d.s.w.r.operation.CachingOperationNameGenerator - Generating unique operation named: deleteRedisUsingPOST_1
2022-08-12 15:46:09.699 [main] [INFO ] s.d.s.w.r.operation.CachingOperationNameGenerator - Generating unique operation named: getRedisUsingPOST_1
2022-08-12 15:46:09.699 [main] [INFO ] s.d.s.w.r.operation.CachingOperationNameGenerator - Generating unique operation named: updateRedisUsingPOST_1
2022-08-12 15:46:09.704 [main] [INFO ] s.d.spring.web.scanners.ApiListingReferenceScanner - Scanning for api listing references
2022-08-12 15:46:09.705 [main] [INFO ] s.d.s.w.r.operation.CachingOperationNameGenerator - Generating unique operation named: addJdbcStudentUsingPOST_1
2022-08-12 15:46:09.706 [main] [INFO ] s.d.s.w.r.operation.CachingOperationNameGenerator - Generating unique operation named: queryStudentByIdUsingGET_1
2022-08-12 15:46:09.707 [main] [INFO ] s.d.s.w.r.operation.CachingOperationNameGenerator - Generating unique operation named: queryStudentById2UsingPOST_1
2022-08-12 15:46:09.708 [main] [INFO ] s.d.s.w.r.operation.CachingOperationNameGenerator - Generating unique operation named: queryStudentById3UsingPOST_1
2022-08-12 15:46:09.719 [main] [INFO ] com.test.springboot.SpringbootApplication - Started SpringbootApplication in 4.024 seconds (JVM running for 4.68)
2022-08-12 15:46:09.947 [RMI TCP Connection(2)-192.168.9.100] [INFO ] o.a.c.core.ContainerBase.[Tomcat].[localhost].[/] - Initializing Spring DispatcherServlet 'dispatcherServlet'
2022-08-12 15:46:09.947 [RMI TCP Connection(2)-192.168.9.100] [INFO ] org.springframework.web.servlet.DispatcherServlet - Initializing Servlet 'dispatcherServlet'
2022-08-12 15:46:09.947 [RMI TCP Connection(2)-192.168.9.100] [INFO ] org.springframework.web.servlet.DispatcherServlet - Completed initialization in 0 ms
2022-08-12 15:46:09.962 [RMI TCP Connection(3)-192.168.9.100] [INFO ] com.alibaba.druid.pool.DruidDataSource - {dataSource-1,mybatis} inited
2022-08-12 15:46:10.410 [RMI TCP Connection(3)-192.168.9.100] [INFO ] com.alibaba.druid.pool.DruidDataSource - {dataSource-2,springbootdb} inited
2022-08-12 15:46:13.149 [SpringApplicationShutdownHook] [INFO ] com.alibaba.druid.pool.DruidDataSource - {dataSource-2} closing ...
2022-08-12 15:46:13.149 [SpringApplicationShutdownHook] [INFO ] com.alibaba.druid.pool.DruidDataSource - {dataSource-2} closed
2022-08-12 15:46:13.149 [SpringApplicationShutdownHook] [INFO ] com.alibaba.druid.pool.DruidDataSource - {dataSource-1} closing ...
2022-08-12 15:46:13.149 [SpringApplicationShutdownHook] [INFO ] com.alibaba.druid.pool.DruidDataSource - {dataSource-1} closed
2022-08-12 15:56:29.485 [main] [INFO ] com.test.springboot.SpringbootApplication - Starting SpringbootApplication using Java 1.8.0_291 on gaofengkai with PID 16292 (D:\BackEnd\workspace\springboot\target\classes started by gaofengkai in D:\BackEnd\workspace\springboot)
2022-08-12 15:56:29.502 [main] [INFO ] com.test.springboot.SpringbootApplication - The following profiles are active: prod
2022-08-12 15:56:30.350 [main] [INFO ] o.s.d.r.config.RepositoryConfigurationDelegate - Multiple Spring Data modules found, entering strict repository configuration mode!
2022-08-12 15:56:30.350 [main] [INFO ] o.s.d.r.config.RepositoryConfigurationDelegate - Bootstrapping Spring Data Redis repositories in DEFAULT mode.
2022-08-12 15:56:30.366 [main] [INFO ] o.s.d.r.config.RepositoryConfigurationDelegate - Finished Spring Data repository scanning in 9 ms. Found 0 Redis repository interfaces.
2022-08-12 15:56:31.005 [main] [INFO ] o.s.boot.web.embedded.tomcat.TomcatWebServer - Tomcat initialized with port(s): 8081 (http)
2022-08-12 15:56:31.011 [main] [INFO ] org.apache.coyote.http11.Http11NioProtocol - Initializing ProtocolHandler ["http-nio-8081"]
2022-08-12 15:56:31.011 [main] [INFO ] org.apache.catalina.core.StandardService - Starting service [Tomcat]
2022-08-12 15:56:31.011 [main] [INFO ] org.apache.catalina.core.StandardEngine - Starting Servlet engine: [Apache Tomcat/9.0.55]
2022-08-12 15:56:31.095 [main] [INFO ] o.a.c.core.ContainerBase.[Tomcat].[localhost].[/] - Initializing Spring embedded WebApplicationContext
2022-08-12 15:56:31.096 [main] [INFO ] o.s.b.w.s.c.ServletWebServerApplicationContext - Root WebApplicationContext: initialization completed in 1577 ms
2022-08-12 15:56:32.335 [main] [INFO ] o.s.b.actuate.endpoint.web.EndpointLinksResolver - Exposing 16 endpoint(s) beneath base path '/monitor'
2022-08-12 15:56:32.396 [main] [INFO ] s.d.s.w.PropertySourcedRequestMappingHandlerMapping - Mapped URL path [/v2/api-docs] onto method [springfox.documentation.swagger2.web.Swagger2Controller#getDocumentation(String, HttpServletRequest)]
2022-08-12 15:56:33.029 [main] [INFO ] org.apache.coyote.http11.Http11NioProtocol - Starting ProtocolHandler ["http-nio-8081"]
2022-08-12 15:56:33.041 [main] [INFO ] o.s.boot.web.embedded.tomcat.TomcatWebServer - Tomcat started on port(s): 8081 (http) with context path ''
2022-08-12 15:56:33.044 [main] [INFO ] s.d.s.web.plugins.DocumentationPluginsBootstrapper - Context refreshed
2022-08-12 15:56:33.058 [main] [INFO ] s.d.s.web.plugins.DocumentationPluginsBootstrapper - Found 6 custom documentation plugin(s)
2022-08-12 15:56:33.101 [main] [INFO ] s.d.spring.web.scanners.ApiListingReferenceScanner - Scanning for api listing references
2022-08-12 15:56:33.274 [main] [INFO ] s.d.spring.web.scanners.ApiListingReferenceScanner - Scanning for api listing references
2022-08-12 15:56:33.274 [main] [INFO ] s.d.s.w.r.operation.CachingOperationNameGenerator - Generating unique operation named: testAopUsingGET_1
2022-08-12 15:56:33.290 [main] [INFO ] s.d.spring.web.scanners.ApiListingReferenceScanner - Scanning for api listing references
2022-08-12 15:56:33.290 [main] [INFO ] s.d.s.w.r.operation.CachingOperationNameGenerator - Generating unique operation named: getCityUsingPOST_1
2022-08-12 15:56:33.290 [main] [INFO ] s.d.s.w.r.operation.CachingOperationNameGenerator - Generating unique operation named: getFirstStudentUsingPOST_1
2022-08-12 15:56:33.290 [main] [INFO ] s.d.spring.web.scanners.ApiListingReferenceScanner - Scanning for api listing references
2022-08-12 15:56:33.290 [main] [INFO ] s.d.s.w.r.operation.CachingOperationNameGenerator - Generating unique operation named: getJsonUsingPOST_1
2022-08-12 15:56:33.290 [main] [INFO ] s.d.s.w.r.operation.CachingOperationNameGenerator - Generating unique operation named: getJsonViewUsingGET_1
2022-08-12 15:56:33.290 [main] [INFO ] s.d.s.w.r.operation.CachingOperationNameGenerator - Generating unique operation named: getJsonViewUsingHEAD_1
2022-08-12 15:56:33.290 [main] [INFO ] s.d.s.w.r.operation.CachingOperationNameGenerator - Generating unique operation named: getJsonViewUsingPOST_1
2022-08-12 15:56:33.290 [main] [INFO ] s.d.s.w.r.operation.CachingOperationNameGenerator - Generating unique operation named: getJsonViewUsingPUT_1
2022-08-12 15:56:33.290 [main] [INFO ] s.d.s.w.r.operation.CachingOperationNameGenerator - Generating unique operation named: getJsonViewUsingPATCH_1
2022-08-12 15:56:33.306 [main] [INFO ] s.d.s.w.r.operation.CachingOperationNameGenerator - Generating unique operation named: getJsonViewUsingDELETE_1
2022-08-12 15:56:33.306 [main] [INFO ] s.d.s.w.r.operation.CachingOperationNameGenerator - Generating unique operation named: getJsonViewUsingOPTIONS_1
2022-08-12 15:56:33.307 [main] [INFO ] s.d.s.w.r.operation.CachingOperationNameGenerator - Generating unique operation named: getJsonViewUsingTRACE_1
2022-08-12 15:56:33.307 [main] [INFO ] s.d.s.w.r.operation.CachingOperationNameGenerator - Generating unique operation named: readJsonAsObjectUsingGET_1
2022-08-12 15:56:33.308 [main] [INFO ] s.d.s.w.r.operation.CachingOperationNameGenerator - Generating unique operation named: readJsonAsObjectUsingHEAD_1
2022-08-12 15:56:33.308 [main] [INFO ] s.d.s.w.r.operation.CachingOperationNameGenerator - Generating unique operation named: readJsonAsObjectUsingPOST_1
2022-08-12 15:56:33.308 [main] [INFO ] s.d.s.w.r.operation.CachingOperationNameGenerator - Generating unique operation named: readJsonAsObjectUsingPUT_1
2022-08-12 15:56:33.308 [main] [INFO ] s.d.s.w.r.operation.CachingOperationNameGenerator - Generating unique operation named: readJsonAsObjectUsingPATCH_1
2022-08-12 15:56:33.308 [main] [INFO ] s.d.s.w.r.operation.CachingOperationNameGenerator - Generating unique operation named: readJsonAsObjectUsingDELETE_1
2022-08-12 15:56:33.308 [main] [INFO ] s.d.s.w.r.operation.CachingOperationNameGenerator - Generating unique operation named: readJsonAsObjectUsingOPTIONS_1
2022-08-12 15:56:33.308 [main] [INFO ] s.d.s.w.r.operation.CachingOperationNameGenerator - Generating unique operation named: readJsonAsObjectUsingTRACE_1
2022-08-12 15:56:33.308 [main] [INFO ] s.d.s.w.r.operation.CachingOperationNameGenerator - Generating unique operation named: readJsonStringUsingGET_1
2022-08-12 15:56:33.308 [main] [INFO ] s.d.s.w.r.operation.CachingOperationNameGenerator - Generating unique operation named: readJsonStringUsingHEAD_1
2022-08-12 15:56:33.308 [main] [INFO ] s.d.s.w.r.operation.CachingOperationNameGenerator - Generating unique operation named: readJsonStringUsingPOST_1
2022-08-12 15:56:33.308 [main] [INFO ] s.d.s.w.r.operation.CachingOperationNameGenerator - Generating unique operation named: readJsonStringUsingPUT_1
2022-08-12 15:56:33.308 [main] [INFO ] s.d.s.w.r.operation.CachingOperationNameGenerator - Generating unique operation named: readJsonStringUsingPATCH_1
2022-08-12 15:56:33.308 [main] [INFO ] s.d.s.w.r.operation.CachingOperationNameGenerator - Generating unique operation named: readJsonStringUsingDELETE_1
2022-08-12 15:56:33.308 [main] [INFO ] s.d.s.w.r.operation.CachingOperationNameGenerator - Generating unique operation named: readJsonStringUsingOPTIONS_1
2022-08-12 15:56:33.308 [main] [INFO ] s.d.s.w.r.operation.CachingOperationNameGenerator - Generating unique operation named: readJsonStringUsingTRACE_1
2022-08-12 15:56:33.308 [main] [INFO ] s.d.s.w.r.operation.CachingOperationNameGenerator - Generating unique operation named: serializationUsingPOST_1
2022-08-12 15:56:33.308 [main] [INFO ] s.d.s.w.r.operation.CachingOperationNameGenerator - Generating unique operation named: updateJsonUsingGET_1
2022-08-12 15:56:33.308 [main] [INFO ] s.d.s.w.r.operation.CachingOperationNameGenerator - Generating unique operation named: updateJsonUsingHEAD_1
2022-08-12 15:56:33.308 [main] [INFO ] s.d.s.w.r.operation.CachingOperationNameGenerator - Generating unique operation named: updateJsonUsingPOST_1
2022-08-12 15:56:33.308 [main] [INFO ] s.d.s.w.r.operation.CachingOperationNameGenerator - Generating unique operation named: updateJsonUsingPUT_1
2022-08-12 15:56:33.308 [main] [INFO ] s.d.s.w.r.operation.CachingOperationNameGenerator - Generating unique operation named: updateJsonUsingPATCH_1
2022-08-12 15:56:33.308 [main] [INFO ] s.d.s.w.r.operation.CachingOperationNameGenerator - Generating unique operation named: updateJsonUsingDELETE_1
2022-08-12 15:56:33.308 [main] [INFO ] s.d.s.w.r.operation.CachingOperationNameGenerator - Generating unique operation named: updateJsonUsingOPTIONS_1
2022-08-12 15:56:33.308 [main] [INFO ] s.d.s.w.r.operation.CachingOperationNameGenerator - Generating unique operation named: updateJsonUsingTRACE_1
2022-08-12 15:56:33.308 [main] [INFO ] s.d.spring.web.scanners.ApiListingReferenceScanner - Scanning for api listing references
2022-08-12 15:56:33.323 [main] [INFO ] s.d.s.w.r.operation.CachingOperationNameGenerator - Generating unique operation named: addRedisUsingPOST_1
2022-08-12 15:56:33.323 [main] [INFO ] s.d.s.w.r.operation.CachingOperationNameGenerator - Generating unique operation named: deleteRedisUsingPOST_1
2022-08-12 15:56:33.323 [main] [INFO ] s.d.s.w.r.operation.CachingOperationNameGenerator - Generating unique operation named: getRedisUsingPOST_1
2022-08-12 15:56:33.323 [main] [INFO ] s.d.s.w.r.operation.CachingOperationNameGenerator - Generating unique operation named: updateRedisUsingPOST_1
2022-08-12 15:56:33.331 [main] [INFO ] s.d.spring.web.scanners.ApiListingReferenceScanner - Scanning for api listing references
2022-08-12 15:56:33.332 [main] [INFO ] s.d.s.w.r.operation.CachingOperationNameGenerator - Generating unique operation named: addJdbcStudentUsingPOST_1
2022-08-12 15:56:33.334 [main] [INFO ] s.d.s.w.r.operation.CachingOperationNameGenerator - Generating unique operation named: queryStudentByIdUsingGET_1
2022-08-12 15:56:33.334 [main] [INFO ] s.d.s.w.r.operation.CachingOperationNameGenerator - Generating unique operation named: queryStudentById2UsingPOST_1
2022-08-12 15:56:33.335 [main] [INFO ] s.d.s.w.r.operation.CachingOperationNameGenerator - Generating unique operation named: queryStudentById3UsingPOST_1
2022-08-12 15:56:33.355 [main] [INFO ] com.test.springboot.SpringbootApplication - Started SpringbootApplication in 4.271 seconds (JVM running for 4.846)
2022-08-12 15:56:33.877 [RMI TCP Connection(1)-192.168.9.100] [INFO ] o.a.c.core.ContainerBase.[Tomcat].[localhost].[/] - Initializing Spring DispatcherServlet 'dispatcherServlet'
2022-08-12 15:56:33.877 [RMI TCP Connection(1)-192.168.9.100] [INFO ] org.springframework.web.servlet.DispatcherServlet - Initializing Servlet 'dispatcherServlet'
2022-08-12 15:56:33.882 [RMI TCP Connection(1)-192.168.9.100] [INFO ] org.springframework.web.servlet.DispatcherServlet - Completed initialization in 5 ms
2022-08-12 15:56:33.932 [RMI TCP Connection(2)-192.168.9.100] [INFO ] com.alibaba.druid.pool.DruidDataSource - {dataSource-1,mybatis} inited
2022-08-12 15:56:34.481 [RMI TCP Connection(2)-192.168.9.100] [INFO ] com.alibaba.druid.pool.DruidDataSource - {dataSource-2,springbootdb} inited
2022-08-12 15:57:09.339 [SpringApplicationShutdownHook] [INFO ] com.alibaba.druid.pool.DruidDataSource - {dataSource-2} closing ...
2022-08-12 15:57:09.339 [SpringApplicationShutdownHook] [INFO ] com.alibaba.druid.pool.DruidDataSource - {dataSource-2} closed
2022-08-12 15:57:09.339 [SpringApplicationShutdownHook] [INFO ] com.alibaba.druid.pool.DruidDataSource - {dataSource-1} closing ...
2022-08-12 15:57:09.339 [SpringApplicationShutdownHook] [INFO ] com.alibaba.druid.pool.DruidDataSource - {dataSource-1} closed
2022-08-12 15:57:12.798 [main] [INFO ] com.test.springboot.SpringbootApplication - Starting SpringbootApplication using Java 1.8.0_291 on gaofengkai with PID 5000 (D:\BackEnd\workspace\springboot\target\classes started by gaofengkai in D:\BackEnd\workspace\springboot)
2022-08-12 15:57:12.798 [main] [INFO ] com.test.springboot.SpringbootApplication - The following profiles are active: prod
2022-08-12 15:57:13.657 [main] [INFO ] o.s.d.r.config.RepositoryConfigurationDelegate - Multiple Spring Data modules found, entering strict repository configuration mode!
2022-08-12 15:57:13.659 [main] [INFO ] o.s.d.r.config.RepositoryConfigurationDelegate - Bootstrapping Spring Data Redis repositories in DEFAULT mode.
2022-08-12 15:57:13.672 [main] [INFO ] o.s.d.r.config.RepositoryConfigurationDelegate - Finished Spring Data repository scanning in 8 ms. Found 0 Redis repository interfaces.
2022-08-12 15:57:14.250 [main] [INFO ] o.s.boot.web.embedded.tomcat.TomcatWebServer - Tomcat initialized with port(s): 8081 (http)
2022-08-12 15:57:14.250 [main] [INFO ] org.apache.coyote.http11.Http11NioProtocol - Initializing ProtocolHandler ["http-nio-8081"]
2022-08-12 15:57:14.250 [main] [INFO ] org.apache.catalina.core.StandardService - Starting service [Tomcat]
2022-08-12 15:57:14.250 [main] [INFO ] org.apache.catalina.core.StandardEngine - Starting Servlet engine: [Apache Tomcat/9.0.55]
2022-08-12 15:57:14.320 [main] [INFO ] o.a.c.core.ContainerBase.[Tomcat].[localhost].[/] - Initializing Spring embedded WebApplicationContext
2022-08-12 15:57:14.320 [main] [INFO ] o.s.b.w.s.c.ServletWebServerApplicationContext - Root WebApplicationContext: initialization completed in 1488 ms
2022-08-12 15:57:15.531 [main] [INFO ] o.s.b.actuate.endpoint.web.EndpointLinksResolver - Exposing 16 endpoint(s) beneath base path '/monitor'
2022-08-12 15:57:15.601 [main] [INFO ] s.d.s.w.PropertySourcedRequestMappingHandlerMapping - Mapped URL path [/v2/api-docs] onto method [springfox.documentation.swagger2.web.Swagger2Controller#getDocumentation(String, HttpServletRequest)]
2022-08-12 15:57:16.166 [main] [INFO ] org.apache.coyote.http11.Http11NioProtocol - Starting ProtocolHandler ["http-nio-8081"]
2022-08-12 15:57:16.166 [main] [INFO ] o.s.boot.web.embedded.tomcat.TomcatWebServer - Tomcat started on port(s): 8081 (http) with context path ''
2022-08-12 15:57:16.166 [main] [INFO ] s.d.s.web.plugins.DocumentationPluginsBootstrapper - Context refreshed
2022-08-12 15:57:16.181 [main] [INFO ] s.d.s.web.plugins.DocumentationPluginsBootstrapper - Found 6 custom documentation plugin(s)
2022-08-12 15:57:16.216 [main] [INFO ] s.d.spring.web.scanners.ApiListingReferenceScanner - Scanning for api listing references
2022-08-12 15:57:16.344 [main] [INFO ] s.d.spring.web.scanners.ApiListingReferenceScanner - Scanning for api listing references
2022-08-12 15:57:16.345 [main] [INFO ] s.d.s.w.r.operation.CachingOperationNameGenerator - Generating unique operation named: testAopUsingGET_1
2022-08-12 15:57:16.349 [main] [INFO ] s.d.spring.web.scanners.ApiListingReferenceScanner - Scanning for api listing references
2022-08-12 15:57:16.351 [main] [INFO ] s.d.s.w.r.operation.CachingOperationNameGenerator - Generating unique operation named: getCityUsingPOST_1
2022-08-12 15:57:16.352 [main] [INFO ] s.d.s.w.r.operation.CachingOperationNameGenerator - Generating unique operation named: getFirstStudentUsingPOST_1
2022-08-12 15:57:16.352 [main] [INFO ] s.d.spring.web.scanners.ApiListingReferenceScanner - Scanning for api listing references
2022-08-12 15:57:16.352 [main] [INFO ] s.d.s.w.r.operation.CachingOperationNameGenerator - Generating unique operation named: getJsonUsingPOST_1
2022-08-12 15:57:16.352 [main] [INFO ] s.d.s.w.r.operation.CachingOperationNameGenerator - Generating unique operation named: getJsonViewUsingGET_1
2022-08-12 15:57:16.352 [main] [INFO ] s.d.s.w.r.operation.CachingOperationNameGenerator - Generating unique operation named: getJsonViewUsingHEAD_1
2022-08-12 15:57:16.352 [main] [INFO ] s.d.s.w.r.operation.CachingOperationNameGenerator - Generating unique operation named: getJsonViewUsingPOST_1
2022-08-12 15:57:16.352 [main] [INFO ] s.d.s.w.r.operation.CachingOperationNameGenerator - Generating unique operation named: getJsonViewUsingPUT_1
2022-08-12 15:57:16.352 [main] [INFO ] s.d.s.w.r.operation.CachingOperationNameGenerator - Generating unique operation named: getJsonViewUsingPATCH_1
2022-08-12 15:57:16.352 [main] [INFO ] s.d.s.w.r.operation.CachingOperationNameGenerator - Generating unique operation named: getJsonViewUsingDELETE_1
2022-08-12 15:57:16.352 [main] [INFO ] s.d.s.w.r.operation.CachingOperationNameGenerator - Generating unique operation named: getJsonViewUsingOPTIONS_1
2022-08-12 15:57:16.352 [main] [INFO ] s.d.s.w.r.operation.CachingOperationNameGenerator - Generating unique operation named: getJsonViewUsingTRACE_1
2022-08-12 15:57:16.352 [main] [INFO ] s.d.s.w.r.operation.CachingOperationNameGenerator - Generating unique operation named: readJsonAsObjectUsingGET_1
2022-08-12 15:57:16.352 [main] [INFO ] s.d.s.w.r.operation.CachingOperationNameGenerator - Generating unique operation named: readJsonAsObjectUsingHEAD_1
2022-08-12 15:57:16.352 [main] [INFO ] s.d.s.w.r.operation.CachingOperationNameGenerator - Generating unique operation named: readJsonAsObjectUsingPOST_1
2022-08-12 15:57:16.352 [main] [INFO ] s.d.s.w.r.operation.CachingOperationNameGenerator - Generating unique operation named: readJsonAsObjectUsingPUT_1
2022-08-12 15:57:16.352 [main] [INFO ] s.d.s.w.r.operation.CachingOperationNameGenerator - Generating unique operation named: readJsonAsObjectUsingPATCH_1
2022-08-12 15:57:16.352 [main] [INFO ] s.d.s.w.r.operation.CachingOperationNameGenerator - Generating unique operation named: readJsonAsObjectUsingDELETE_1
2022-08-12 15:57:16.352 [main] [INFO ] s.d.s.w.r.operation.CachingOperationNameGenerator - Generating unique operation named: readJsonAsObjectUsingOPTIONS_1
2022-08-12 15:57:16.352 [main] [INFO ] s.d.s.w.r.operation.CachingOperationNameGenerator - Generating unique operation named: readJsonAsObjectUsingTRACE_1
2022-08-12 15:57:16.352 [main] [INFO ] s.d.s.w.r.operation.CachingOperationNameGenerator - Generating unique operation named: readJsonStringUsingGET_1
2022-08-12 15:57:16.352 [main] [INFO ] s.d.s.w.r.operation.CachingOperationNameGenerator - Generating unique operation named: readJsonStringUsingHEAD_1
2022-08-12 15:57:16.352 [main] [INFO ] s.d.s.w.r.operation.CachingOperationNameGenerator - Generating unique operation named: readJsonStringUsingPOST_1
2022-08-12 15:57:16.352 [main] [INFO ] s.d.s.w.r.operation.CachingOperationNameGenerator - Generating unique operation named: readJsonStringUsingPUT_1
2022-08-12 15:57:16.352 [main] [INFO ] s.d.s.w.r.operation.CachingOperationNameGenerator - Generating unique operation named: readJsonStringUsingPATCH_1
2022-08-12 15:57:16.352 [main] [INFO ] s.d.s.w.r.operation.CachingOperationNameGenerator - Generating unique operation named: readJsonStringUsingDELETE_1
2022-08-12 15:57:16.352 [main] [INFO ] s.d.s.w.r.operation.CachingOperationNameGenerator - Generating unique operation named: readJsonStringUsingOPTIONS_1
2022-08-12 15:57:16.352 [main] [INFO ] s.d.s.w.r.operation.CachingOperationNameGenerator - Generating unique operation named: readJsonStringUsingTRACE_1
2022-08-12 15:57:16.367 [main] [INFO ] s.d.s.w.r.operation.CachingOperationNameGenerator - Generating unique operation named: serializationUsingPOST_1
2022-08-12 15:57:16.367 [main] [INFO ] s.d.s.w.r.operation.CachingOperationNameGenerator - Generating unique operation named: updateJsonUsingGET_1
2022-08-12 15:57:16.367 [main] [INFO ] s.d.s.w.r.operation.CachingOperationNameGenerator - Generating unique operation named: updateJsonUsingHEAD_1
2022-08-12 15:57:16.367 [main] [INFO ] s.d.s.w.r.operation.CachingOperationNameGenerator - Generating unique operation named: updateJsonUsingPOST_1
2022-08-12 15:57:16.367 [main] [INFO ] s.d.s.w.r.operation.CachingOperationNameGenerator - Generating unique operation named: updateJsonUsingPUT_1
2022-08-12 15:57:16.367 [main] [INFO ] s.d.s.w.r.operation.CachingOperationNameGenerator - Generating unique operation named: updateJsonUsingPATCH_1
2022-08-12 15:57:16.367 [main] [INFO ] s.d.s.w.r.operation.CachingOperationNameGenerator - Generating unique operation named: updateJsonUsingDELETE_1
2022-08-12 15:57:16.367 [main] [INFO ] s.d.s.w.r.operation.CachingOperationNameGenerator - Generating unique operation named: updateJsonUsingOPTIONS_1
2022-08-12 15:57:16.367 [main] [INFO ] s.d.s.w.r.operation.CachingOperationNameGenerator - Generating unique operation named: updateJsonUsingTRACE_1
2022-08-12 15:57:16.367 [main] [INFO ] s.d.spring.web.scanners.ApiListingReferenceScanner - Scanning for api listing references
2022-08-12 15:57:16.367 [main] [INFO ] s.d.s.w.r.operation.CachingOperationNameGenerator - Generating unique operation named: addRedisUsingPOST_1
2022-08-12 15:57:16.367 [main] [INFO ] s.d.s.w.r.operation.CachingOperationNameGenerator - Generating unique operation named: deleteRedisUsingPOST_1
2022-08-12 15:57:16.367 [main] [INFO ] s.d.s.w.r.operation.CachingOperationNameGenerator - Generating unique operation named: getRedisUsingPOST_1
2022-08-12 15:57:16.367 [main] [INFO ] s.d.s.w.r.operation.CachingOperationNameGenerator - Generating unique operation named: updateRedisUsingPOST_1
2022-08-12 15:57:16.367 [main] [INFO ] s.d.spring.web.scanners.ApiListingReferenceScanner - Scanning for api listing references
2022-08-12 15:57:16.367 [main] [INFO ] s.d.s.w.r.operation.CachingOperationNameGenerator - Generating unique operation named: addJdbcStudentUsingPOST_1
2022-08-12 15:57:16.383 [main] [INFO ] s.d.s.w.r.operation.CachingOperationNameGenerator - Generating unique operation named: queryStudentByIdUsingGET_1
2022-08-12 15:57:16.385 [main] [INFO ] s.d.s.w.r.operation.CachingOperationNameGenerator - Generating unique operation named: queryStudentById2UsingPOST_1
2022-08-12 15:57:16.386 [main] [INFO ] s.d.s.w.r.operation.CachingOperationNameGenerator - Generating unique operation named: queryStudentById3UsingPOST_1
2022-08-12 15:57:16.402 [main] [INFO ] com.test.springboot.SpringbootApplication - Started SpringbootApplication in 3.975 seconds (JVM running for 4.575)
2022-08-12 15:57:16.699 [RMI TCP Connection(3)-192.168.9.100] [INFO ] o.a.c.core.ContainerBase.[Tomcat].[localhost].[/] - Initializing Spring DispatcherServlet 'dispatcherServlet'
2022-08-12 15:57:16.699 [RMI TCP Connection(3)-192.168.9.100] [INFO ] org.springframework.web.servlet.DispatcherServlet - Initializing Servlet 'dispatcherServlet'
2022-08-12 15:57:16.699 [RMI TCP Connection(3)-192.168.9.100] [INFO ] org.springframework.web.servlet.DispatcherServlet - Completed initialization in 0 ms
2022-08-12 15:57:16.732 [RMI TCP Connection(2)-192.168.9.100] [INFO ] com.alibaba.druid.pool.DruidDataSource - {dataSource-1,mybatis} inited
2022-08-12 15:57:17.153 [RMI TCP Connection(2)-192.168.9.100] [INFO ] com.alibaba.druid.pool.DruidDataSource - {dataSource-2,springbootdb} inited
